# JRE version: Java(TM) SE Runtime Environment (8.0_191-b12) (build 1.8.0_191-b12)
# Java VM: Java HotSpot(TM) 64-Bit Server VM (25.191-b12 mixed mode linux-amd64 compressed oops)
Heap:
 PSYoungGen      total 107520K, used 99816K [0x00000000d7100000, 0x00000000dfb80000, 0x0000000100000000)
  eden space 90624K, 91% used [0x00000000d7100000,0x00000000dc211ee8,0x00000000dc980000)
  from space 16896K, 99% used [0x00000000dcc00000,0x00000000ddc684a8,0x00000000ddc80000)
  to   space 25600K, 0% used [0x00000000de280000,0x00000000de280000,0x00000000dfb80000)
 ParOldGen       total 81920K, used 49992K [0x0000000085200000, 0x000000008a200000, 0x00000000d7100000)
  object space 81920K, 61% used [0x0000000085200000,0x00000000882d22e0,0x000000008a200000)
 Metaspace       used 45161K, capacity 46296K, committed 46592K, reserved 1089536K
  class space    used 5613K, capacity 5824K, committed 5888K, reserved 1048576K
GC Heap History (10 events):
Event: 5.786 GC heap before
{Heap before GC invocations=7 (full 2):
 PSYoungGen      total 68096K, used 5110K [0x00000000d7100000, 0x00000000df380000, 0x0000000100000000)
  eden space 62976K, 0% used [0x00000000d7100000,0x00000000d7100000,0x00000000dae80000)
  from space 5120K, 99% used [0x00000000dae80000,0x00000000db37db40,0x00000000db380000)
  to   space 11776K, 0% used [0x00000000de800000,0x00000000de800000,0x00000000df380000)
 ParOldGen       total 46080K, used 11161K [0x0000000085200000, 0x0000000087f00000, 0x00000000d7100000)
  object space 46080K, 24% used [0x0000000085200000,0x0000000085ce6728,0x0000000087f00000)
 Metaspace       used 34535K, capacity 35262K, committed 35416K, reserved 1081344K
  class space    used 4448K, capacity 4608K, committed 4608K, reserved 1048576K
Event: 5.863 GC heap after
Heap after GC invocations=7 (full 2):
 PSYoungGen      total 68096K, used 0K [0x00000000d7100000, 0x00000000df380000, 0x0000000100000000)
  eden space 62976K, 0% used [0x00000000d7100000,0x00000000d7100000,0x00000000dae80000)
  from space 5120K, 0% used [0x00000000dae80000,0x00000000dae80000,0x00000000db380000)
  to   space 11776K, 0% used [0x00000000de800000,0x00000000de800000,0x00000000df380000)
 ParOldGen       total 81920K, used 15358K [0x0000000085200000, 0x000000008a200000, 0x00000000d7100000)
  object space 81920K, 18% used [0x0000000085200000,0x00000000860ff978,0x000000008a200000)
 Metaspace       used 34535K, capacity 35262K, committed 35416K, reserved 1081344K
  class space    used 4448K, capacity 4608K, committed 4608K, reserved 1048576K
}
Event: 45.590 GC heap before
{Heap before GC invocations=8 (full 2):
 PSYoungGen      total 68096K, used 62976K [0x00000000d7100000, 0x00000000df380000, 0x0000000100000000)
  eden space 62976K, 100% used [0x00000000d7100000,0x00000000dae80000,0x00000000dae80000)
  from space 5120K, 0% used [0x00000000dae80000,0x00000000dae80000,0x00000000db380000)
  to   space 11776K, 0% used [0x00000000de800000,0x00000000de800000,0x00000000df380000)
 ParOldGen       total 81920K, used 15358K [0x0000000085200000, 0x000000008a200000, 0x00000000d7100000)
  object space 81920K, 18% used [0x0000000085200000,0x00000000860ff978,0x000000008a200000)
 Metaspace       used 38746K, capacity 39560K, committed 39808K, reserved 1083392K
  class space    used 4933K, capacity 5126K, committed 5248K, reserved 1048576K
Event: 45.600 GC heap after
Heap after GC invocations=8 (full 2):
 PSYoungGen      total 92672K, used 11755K [0x00000000d7100000, 0x00000000df380000, 0x0000000100000000)
  eden space 80896K, 0% used [0x00000000d7100000,0x00000000d7100000,0x00000000dc000000)
  from space 11776K, 99% used [0x00000000de800000,0x00000000df37afb8,0x00000000df380000)
  to   space 14336K, 0% used [0x00000000dd780000,0x00000000dd780000,0x00000000de580000)
 ParOldGen       total 81920K, used 16174K [0x0000000085200000, 0x000000008a200000, 0x00000000d7100000)
  object space 81920K, 19% used [0x0000000085200000,0x00000000861cbb68,0x000000008a200000)
 Metaspace       used 38746K, capacity 39560K, committed 39808K, reserved 1083392K
  class space    used 4933K, capacity 5126K, committed 5248K, reserved 1048576K
}
Event: 72.560 GC heap before
{Heap before GC invocations=9 (full 2):
 PSYoungGen      total 92672K, used 88779K [0x00000000d7100000, 0x00000000df380000, 0x0000000100000000)
  eden space 80896K, 95% used [0x00000000d7100000,0x00000000dbc37e20,0x00000000dc000000)
  from space 11776K, 99% used [0x00000000de800000,0x00000000df37afb8,0x00000000df380000)
  to   space 14336K, 0% used [0x00000000dd780000,0x00000000dd780000,0x00000000de580000)
 ParOldGen       total 81920K, used 16174K [0x0000000085200000, 0x000000008a200000, 0x00000000d7100000)
  object space 81920K, 19% used [0x0000000085200000,0x00000000861cbb68,0x000000008a200000)
 Metaspace       used 41087K, capacity 42052K, committed 42368K, reserved 1085440K
  class space    used 5175K, capacity 5386K, committed 5504K, reserved 1048576K
Event: 72.577 GC heap after
Heap after GC invocations=9 (full 2):
 PSYoungGen      total 112640K, used 12752K [0x00000000d7100000, 0x00000000df180000, 0x0000000100000000)
  eden space 99840K, 0% used [0x00000000d7100000,0x00000000d7100000,0x00000000dd280000)
  from space 12800K, 99% used [0x00000000dd780000,0x00000000de3f4390,0x00000000de400000)
  to   space 13824K, 0% used [0x00000000de400000,0x00000000de400000,0x00000000df180000)
 ParOldGen       total 81920K, used 32230K [0x0000000085200000, 0x000000008a200000, 0x00000000d7100000)
  object space 81920K, 39% used [0x0000000085200000,0x0000000087179b78,0x000000008a200000)
 Metaspace       used 41087K, capacity 42052K, committed 42368K, reserved 1085440K
  class space    used 5175K, capacity 5386K, committed 5504K, reserved 1048576K
}
Event: 775.283 GC heap before
{Heap before GC invocations=10 (full 2):
 PSYoungGen      total 112640K, used 112592K [0x00000000d7100000, 0x00000000df180000, 0x0000000100000000)
  eden space 99840K, 100% used [0x00000000d7100000,0x00000000dd280000,0x00000000dd280000)
  from space 12800K, 99% used [0x00000000dd780000,0x00000000de3f4390,0x00000000de400000)
  to   space 13824K, 0% used [0x00000000de400000,0x00000000de400000,0x00000000df180000)
 ParOldGen       total 81920K, used 32230K [0x0000000085200000, 0x000000008a200000, 0x00000000d7100000)
  object space 81920K, 39% used [0x0000000085200000,0x0000000087179b78,0x000000008a200000)
 Metaspace       used 42811K, capacity 43854K, committed 44032K, reserved 1087488K
  class space    used 5328K, capacity 5553K, committed 5632K, reserved 1048576K
Event: 775.301 GC heap after
Heap after GC invocations=10 (full 2):
 PSYoungGen      total 107008K, used 13821K [0x00000000d7100000, 0x00000000e1480000, 0x0000000100000000)
  eden space 93184K, 0% used [0x00000000d7100000,0x00000000d7100000,0x00000000dcc00000)
  from space 13824K, 99% used [0x00000000de400000,0x00000000df17f488,0x00000000df180000)
  to   space 24576K, 0% used [0x00000000dcc00000,0x00000000dcc00000,0x00000000de400000)
 ParOldGen       total 81920K, used 49984K [0x0000000085200000, 0x000000008a200000, 0x00000000d7100000)
  object space 81920K, 61% used [0x0000000085200000,0x00000000882d02e0,0x000000008a200000)
 Metaspace       used 42811K, capacity 43854K, committed 44032K, reserved 1087488K
  class space    used 5328K, capacity 5553K, committed 5632K, reserved 1048576K
}
Event: 1075.186 GC heap before
{Heap before GC invocations=11 (full 2):
 PSYoungGen      total 107008K, used 107005K [0x00000000d7100000, 0x00000000e1480000, 0x0000000100000000)
  eden space 93184K, 100% used [0x00000000d7100000,0x00000000dcc00000,0x00000000dcc00000)
  from space 13824K, 99% used [0x00000000de400000,0x00000000df17f488,0x00000000df180000)
  to   space 24576K, 0% used [0x00000000dcc00000,0x00000000dcc00000,0x00000000de400000)
 ParOldGen       total 81920K, used 49984K [0x0000000085200000, 0x000000008a200000, 0x00000000d7100000)
  object space 81920K, 61% used [0x0000000085200000,0x00000000882d02e0,0x000000008a200000)
 Metaspace       used 43093K, capacity 44224K, committed 44544K, reserved 1087488K
  class space    used 5337K, capacity 5564K, committed 5632K, reserved 1048576K
Event: 1075.196 GC heap after
Heap after GC invocations=11 (full 2):
 PSYoungGen      total 107520K, used 16801K [0x00000000d7100000, 0x00000000dfb80000, 0x0000000100000000)
  eden space 90624K, 0% used [0x00000000d7100000,0x00000000d7100000,0x00000000dc980000)
  from space 16896K, 99% used [0x00000000dcc00000,0x00000000ddc684a8,0x00000000ddc80000)
  to   space 25600K, 0% used [0x00000000de280000,0x00000000de280000,0x00000000dfb80000)
 ParOldGen       total 81920K, used 49992K [0x0000000085200000, 0x000000008a200000, 0x00000000d7100000)
  object space 81920K, 61% used [0x0000000085200000,0x00000000882d22e0,0x000000008a200000)
 Metaspace       used 43093K, capacity 44224K, committed 44544K, reserved 1087488K
  class space    used 5337K, capacity 5564K, committed 5632K, reserved 1048576K
}

