

1582772080.284415477  Node Startup
1582772091.379526857 INFO [/tmp/binarydeb/ros-kinetic-usb-cam-0.3.5/nodes/usb_cam_node.cpp:138(UsbCamNode::UsbCamNode) [topics: /rosout, /usb_cam/image_raw/compressedDepth, /usb_cam/image_raw/compressedDepth/parameter_descriptions, /usb_cam/image_raw/compressedDepth/parameter_updates, /usb_cam/image_raw/compressed, /usb_cam/image_raw/compressed/parameter_descriptions, /usb_cam/image_raw/compressed/parameter_updates, /usb_cam/image_raw, /usb_cam/image_raw/theora, /usb_cam/image_raw/theora/parameter_descriptions, /usb_cam/image_raw/theora/parameter_updates, /usb_cam/camera_info] Starting 'head_camera' (/dev/video0) at 1280x1024 via mmap (mjpeg) at 30 FPS
1582772091.276534613 INFO [/home/itachi/catkin_ws/src/whycon/src/ros/whycon_ros.cpp:152(WhyConROS::load_transforms) [topics: /rosout] Loading file whycon_transforms.yml
1582772091.389380613 INFO [/tmp/binarydeb/ros-kinetic-image-view-1.12.23/src/nodes/image_view.cpp:195(main) [topics: /rosout] Using transport "raw"
1582772092.372616065 WARN [/tmp/binarydeb/ros-kinetic-usb-cam-0.3.5/src/usb_cam.cpp:1211(UsbCam::set_v4l_parameter) [topics: /rosout, /usb_cam/image_raw/compressedDepth, /usb_cam/image_raw/compressedDepth/parameter_descriptions, /usb_cam/image_raw/compressedDepth/parameter_updates, /usb_cam/image_raw/compressed, /usb_cam/image_raw/compressed/parameter_descriptions, /usb_cam/image_raw/compressed/parameter_updates, /usb_cam/image_raw, /usb_cam/image_raw/theora, /usb_cam/image_raw/theora/parameter_descriptions, /usb_cam/image_raw/theora/parameter_updates, /usb_cam/camera_info] unknown control 'focus_auto'

1582772111.547619104 ERROR [topics.py:753(_invoke_callback) [topics: /rosout, /detection_info, /usb_cam/image_rect_color] bad callback: <bound method sr_determine_colors.callback of <__main__.sr_determine_colors instance at 0x7fb12519ecb0>>
Traceback (most recent call last):
  File "/opt/ros/kinetic/lib/python2.7/dist-packages/rospy/topics.py", line 750, in _invoke_callback
    cb(msg)
  File "beacon.py", line 86, in callback
    imshow("median",median)
NameError: global name 'imshow' is not defined

1582772111.723675966 ERROR [topics.py:753(_invoke_callback) [topics: /rosout, /detection_info, /usb_cam/image_rect_color] bad callback: <bound method sr_determine_colors.callback of <__main__.sr_determine_colors instance at 0x7fb12519ecb0>>
Traceback (most recent call last):
  File "/opt/ros/kinetic/lib/python2.7/dist-packages/rospy/topics.py", line 750, in _invoke_callback
    cb(msg)
  File "beacon.py", line 86, in callback
    imshow("median",median)
NameError: global name 'imshow' is not defined

1582772111.902600049 ERROR [topics.py:753(_invoke_callback) [topics: /rosout, /detection_info, /usb_cam/image_rect_color] bad callback: <bound method sr_determine_colors.callback of <__main__.sr_determine_colors instance at 0x7fb12519ecb0>>
Traceback (most recent call last):
  File "/opt/ros/kinetic/lib/python2.7/dist-packages/rospy/topics.py", line 750, in _invoke_callback
    cb(msg)
  File "beacon.py", line 86, in callback
    imshow("median",median)
NameError: global name 'imshow' is not defined

1582772112.078646898 ERROR [topics.py:753(_invoke_callback) [topics: /rosout, /detection_info, /usb_cam/image_rect_color] bad callback: <bound method sr_determine_colors.callback of <__main__.sr_determine_colors instance at 0x7fb12519ecb0>>
Traceback (most recent call last):
  File "/opt/ros/kinetic/lib/python2.7/dist-packages/rospy/topics.py", line 750, in _invoke_callback
    cb(msg)
  File "beacon.py", line 86, in callback
    imshow("median",median)
NameError: global name 'imshow' is not defined

1582772112.254832029 ERROR [topics.py:753(_invoke_callback) [topics: /rosout, /detection_info, /usb_cam/image_rect_color] bad callback: <bound method sr_determine_colors.callback of <__main__.sr_determine_colors instance at 0x7fb12519ecb0>>
Traceback (most recent call last):
  File "/opt/ros/kinetic/lib/python2.7/dist-packages/rospy/topics.py", line 750, in _invoke_callback
    cb(msg)
  File "beacon.py", line 86, in callback
    imshow("median",median)
NameError: global name 'imshow' is not defined

1582772112.425297975 ERROR [topics.py:753(_invoke_callback) [topics: /rosout, /detection_info, /usb_cam/image_rect_color] bad callback: <bound method sr_determine_colors.callback of <__main__.sr_determine_colors instance at 0x7fb12519ecb0>>
Traceback (most recent call last):
  File "/opt/ros/kinetic/lib/python2.7/dist-packages/rospy/topics.py", line 750, in _invoke_callback
    cb(msg)
  File "beacon.py", line 86, in callback
    imshow("median",median)
NameError: global name 'imshow' is not defined

1582772112.595278978 ERROR [topics.py:753(_invoke_callback) [topics: /rosout, /detection_info, /usb_cam/image_rect_color] bad callback: <bound method sr_determine_colors.callback of <__main__.sr_determine_colors instance at 0x7fb12519ecb0>>
Traceback (most recent call last):
  File "/opt/ros/kinetic/lib/python2.7/dist-packages/rospy/topics.py", line 750, in _invoke_callback
    cb(msg)
  File "beacon.py", line 86, in callback
    imshow("median",median)
NameError: global name 'imshow' is not defined

1582772112.766343116 ERROR [topics.py:753(_invoke_callback) [topics: /rosout, /detection_info, /usb_cam/image_rect_color] bad callback: <bound method sr_determine_colors.callback of <__main__.sr_determine_colors instance at 0x7fb12519ecb0>>
Traceback (most recent call last):
  File "/opt/ros/kinetic/lib/python2.7/dist-packages/rospy/topics.py", line 750, in _invoke_callback
    cb(msg)
  File "beacon.py", line 86, in callback
    imshow("median",median)
NameError: global name 'imshow' is not defined

1582772112.935336112 ERROR [topics.py:753(_invoke_callback) [topics: /rosout, /detection_info, /usb_cam/image_rect_color] bad callback: <bound method sr_determine_colors.callback of <__main__.sr_determine_colors instance at 0x7fb12519ecb0>>
Traceback (most recent call last):
  File "/opt/ros/kinetic/lib/python2.7/dist-packages/rospy/topics.py", line 750, in _invoke_callback
    cb(msg)
  File "beacon.py", line 86, in callback
    imshow("median",median)
NameError: global name 'imshow' is not defined

1582772113.121159076 ERROR [topics.py:753(_invoke_callback) [topics: /rosout, /detection_info, /usb_cam/image_rect_color] bad callback: <bound method sr_determine_colors.callback of <__main__.sr_determine_colors instance at 0x7fb12519ecb0>>
Traceback (most recent call last):
  File "/opt/ros/kinetic/lib/python2.7/dist-packages/rospy/topics.py", line 750, in _invoke_callback
    cb(msg)
  File "beacon.py", line 86, in callback
    imshow("median",median)
NameError: global name 'imshow' is not defined

1582772113.291769027 ERROR [topics.py:753(_invoke_callback) [topics: /rosout, /detection_info, /usb_cam/image_rect_color] bad callback: <bound method sr_determine_colors.callback of <__main__.sr_determine_colors instance at 0x7fb12519ecb0>>
Traceback (most recent call last):
  File "/opt/ros/kinetic/lib/python2.7/dist-packages/rospy/topics.py", line 750, in _invoke_callback
    cb(msg)
  File "beacon.py", line 86, in callback
    imshow("median",median)
NameError: global name 'imshow' is not defined

1582772113.472327947 ERROR [topics.py:753(_invoke_callback) [topics: /rosout, /detection_info, /usb_cam/image_rect_color] bad callback: <bound method sr_determine_colors.callback of <__main__.sr_determine_colors instance at 0x7fb12519ecb0>>
Traceback (most recent call last):
  File "/opt/ros/kinetic/lib/python2.7/dist-packages/rospy/topics.py", line 750, in _invoke_callback
    cb(msg)
  File "beacon.py", line 86, in callback
    imshow("median",median)
NameError: global name 'imshow' is not defined

1582772113.646282911 ERROR [topics.py:753(_invoke_callback) [topics: /rosout, /detection_info, /usb_cam/image_rect_color] bad callback: <bound method sr_determine_colors.callback of <__main__.sr_determine_colors instance at 0x7fb12519ecb0>>
Traceback (most recent call last):
  File "/opt/ros/kinetic/lib/python2.7/dist-packages/rospy/topics.py", line 750, in _invoke_callback
    cb(msg)
  File "beacon.py", line 86, in callback
    imshow("median",median)
NameError: global name 'imshow' is not defined

1582772113.831154108 ERROR [topics.py:753(_invoke_callback) [topics: /rosout, /detection_info, /usb_cam/image_rect_color] bad callback: <bound method sr_determine_colors.callback of <__main__.sr_determine_colors instance at 0x7fb12519ecb0>>
Traceback (most recent call last):
  File "/opt/ros/kinetic/lib/python2.7/dist-packages/rospy/topics.py", line 750, in _invoke_callback
    cb(msg)
  File "beacon.py", line 86, in callback
    imshow("median",median)
NameError: global name 'imshow' is not defined

1582772114.003686904 ERROR [topics.py:753(_invoke_callback) [topics: /rosout, /detection_info, /usb_cam/image_rect_color] bad callback: <bound method sr_determine_colors.callback of <__main__.sr_determine_colors instance at 0x7fb12519ecb0>>
Traceback (most recent call last):
  File "/opt/ros/kinetic/lib/python2.7/dist-packages/rospy/topics.py", line 750, in _invoke_callback
    cb(msg)
  File "beacon.py", line 86, in callback
    imshow("median",median)
NameError: global name 'imshow' is not defined

1582772114.175216913 ERROR [topics.py:753(_invoke_callback) [topics: /rosout, /detection_info, /usb_cam/image_rect_color] bad callback: <bound method sr_determine_colors.callback of <__main__.sr_determine_colors instance at 0x7fb12519ecb0>>
Traceback (most recent call last):
  File "/opt/ros/kinetic/lib/python2.7/dist-packages/rospy/topics.py", line 750, in _invoke_callback
    cb(msg)
  File "beacon.py", line 86, in callback
    imshow("median",median)
NameError: global name 'imshow' is not defined

1582772114.344647884 ERROR [topics.py:753(_invoke_callback) [topics: /rosout, /detection_info, /usb_cam/image_rect_color] bad callback: <bound method sr_determine_colors.callback of <__main__.sr_determine_colors instance at 0x7fb12519ecb0>>
Traceback (most recent call last):
  File "/opt/ros/kinetic/lib/python2.7/dist-packages/rospy/topics.py", line 750, in _invoke_callback
    cb(msg)
  File "beacon.py", line 86, in callback
    imshow("median",median)
NameError: global name 'imshow' is not defined

1582772114.555371999 ERROR [topics.py:753(_invoke_callback) [topics: /rosout, /detection_info, /usb_cam/image_rect_color] bad callback: <bound method sr_determine_colors.callback of <__main__.sr_determine_colors instance at 0x7fb12519ecb0>>
Traceback (most recent call last):
  File "/opt/ros/kinetic/lib/python2.7/dist-packages/rospy/topics.py", line 750, in _invoke_callback
    cb(msg)
  File "beacon.py", line 86, in callback
    imshow("median",median)
NameError: global name 'imshow' is not defined

1582772114.735627889 ERROR [topics.py:753(_invoke_callback) [topics: /rosout, /detection_info, /usb_cam/image_rect_color] bad callback: <bound method sr_determine_colors.callback of <__main__.sr_determine_colors instance at 0x7fb12519ecb0>>
Traceback (most recent call last):
  File "/opt/ros/kinetic/lib/python2.7/dist-packages/rospy/topics.py", line 750, in _invoke_callback
    cb(msg)
  File "beacon.py", line 86, in callback
    imshow("median",median)
NameError: global name 'imshow' is not defined

1582772114.901635885 ERROR [topics.py:753(_invoke_callback) [topics: /rosout, /detection_info, /usb_cam/image_rect_color] bad callback: <bound method sr_determine_colors.callback of <__main__.sr_determine_colors instance at 0x7fb12519ecb0>>
Traceback (most recent call last):
  File "/opt/ros/kinetic/lib/python2.7/dist-packages/rospy/topics.py", line 750, in _invoke_callback
    cb(msg)
  File "beacon.py", line 86, in callback
    imshow("median",median)
NameError: global name 'imshow' is not defined

1582772115.070112943 ERROR [topics.py:753(_invoke_callback) [topics: /rosout, /detection_info, /usb_cam/image_rect_color] bad callback: <bound method sr_determine_colors.callback of <__main__.sr_determine_colors instance at 0x7fb12519ecb0>>
Traceback (most recent call last):
  File "/opt/ros/kinetic/lib/python2.7/dist-packages/rospy/topics.py", line 750, in _invoke_callback
    cb(msg)
  File "beacon.py", line 86, in callback
    imshow("median",median)
NameError: global name 'imshow' is not defined

1582772115.235682010 ERROR [topics.py:753(_invoke_callback) [topics: /rosout, /detection_info, /usb_cam/image_rect_color] bad callback: <bound method sr_determine_colors.callback of <__main__.sr_determine_colors instance at 0x7fb12519ecb0>>
Traceback (most recent call last):
  File "/opt/ros/kinetic/lib/python2.7/dist-packages/rospy/topics.py", line 750, in _invoke_callback
    cb(msg)
  File "beacon.py", line 86, in callback
    imshow("median",median)
NameError: global name 'imshow' is not defined

1582772132.205972909 ERROR [topics.py:753(_invoke_callback) [topics: /rosout, /detection_info, /usb_cam/image_rect_color] bad callback: <bound method sr_determine_colors.callback of <__main__.sr_determine_colors instance at 0x7f353e4d8cb0>>
Traceback (most recent call last):
  File "/opt/ros/kinetic/lib/python2.7/dist-packages/rospy/topics.py", line 750, in _invoke_callback
    cb(msg)
  File "beacon.py", line 116, in callback
    elif check_awhether_lit(green, x, y):
NameError: global name 'check_awhether_lit' is not defined

1582772132.402981996 ERROR [topics.py:753(_invoke_callback) [topics: /rosout, /detection_info, /usb_cam/image_rect_color] bad callback: <bound method sr_determine_colors.callback of <__main__.sr_determine_colors instance at 0x7f353e4d8cb0>>
Traceback (most recent call last):
  File "/opt/ros/kinetic/lib/python2.7/dist-packages/rospy/topics.py", line 750, in _invoke_callback
    cb(msg)
  File "beacon.py", line 116, in callback
    elif check_awhether_lit(green, x, y):
NameError: global name 'check_awhether_lit' is not defined

1582772132.579499959 ERROR [topics.py:753(_invoke_callback) [topics: /rosout, /detection_info, /usb_cam/image_rect_color] bad callback: <bound method sr_determine_colors.callback of <__main__.sr_determine_colors instance at 0x7f353e4d8cb0>>
Traceback (most recent call last):
  File "/opt/ros/kinetic/lib/python2.7/dist-packages/rospy/topics.py", line 750, in _invoke_callback
    cb(msg)
  File "beacon.py", line 116, in callback
    elif check_awhether_lit(green, x, y):
NameError: global name 'check_awhether_lit' is not defined

1582772132.789797067 ERROR [topics.py:753(_invoke_callback) [topics: /rosout, /detection_info, /usb_cam/image_rect_color] bad callback: <bound method sr_determine_colors.callback of <__main__.sr_determine_colors instance at 0x7f353e4d8cb0>>
Traceback (most recent call last):
  File "/opt/ros/kinetic/lib/python2.7/dist-packages/rospy/topics.py", line 750, in _invoke_callback
    cb(msg)
  File "beacon.py", line 116, in callback
    elif check_awhether_lit(green, x, y):
NameError: global name 'check_awhether_lit' is not defined

1582772132.990111112 ERROR [topics.py:753(_invoke_callback) [topics: /rosout, /detection_info, /usb_cam/image_rect_color] bad callback: <bound method sr_determine_colors.callback of <__main__.sr_determine_colors instance at 0x7f353e4d8cb0>>
Traceback (most recent call last):
  File "/opt/ros/kinetic/lib/python2.7/dist-packages/rospy/topics.py", line 750, in _invoke_callback
    cb(msg)
  File "beacon.py", line 116, in callback
    elif check_awhether_lit(green, x, y):
NameError: global name 'check_awhether_lit' is not defined

1582772133.189436912 ERROR [topics.py:753(_invoke_callback) [topics: /rosout, /detection_info, /usb_cam/image_rect_color] bad callback: <bound method sr_determine_colors.callback of <__main__.sr_determine_colors instance at 0x7f353e4d8cb0>>
Traceback (most recent call last):
  File "/opt/ros/kinetic/lib/python2.7/dist-packages/rospy/topics.py", line 750, in _invoke_callback
    cb(msg)
  File "beacon.py", line 116, in callback
    elif check_awhether_lit(green, x, y):
NameError: global name 'check_awhether_lit' is not defined

1582772133.389014959 ERROR [topics.py:753(_invoke_callback) [topics: /rosout, /detection_info, /usb_cam/image_rect_color] bad callback: <bound method sr_determine_colors.callback of <__main__.sr_determine_colors instance at 0x7f353e4d8cb0>>
Traceback (most recent call last):
  File "/opt/ros/kinetic/lib/python2.7/dist-packages/rospy/topics.py", line 750, in _invoke_callback
    cb(msg)
  File "beacon.py", line 116, in callback
    elif check_awhether_lit(green, x, y):
NameError: global name 'check_awhether_lit' is not defined

1582772133.570682048 ERROR [topics.py:753(_invoke_callback) [topics: /rosout, /detection_info, /usb_cam/image_rect_color] bad callback: <bound method sr_determine_colors.callback of <__main__.sr_determine_colors instance at 0x7f353e4d8cb0>>
Traceback (most recent call last):
  File "/opt/ros/kinetic/lib/python2.7/dist-packages/rospy/topics.py", line 750, in _invoke_callback
    cb(msg)
  File "beacon.py", line 116, in callback
    elif check_awhether_lit(green, x, y):
NameError: global name 'check_awhether_lit' is not defined

1582772133.755276918 ERROR [topics.py:753(_invoke_callback) [topics: /rosout, /detection_info, /usb_cam/image_rect_color] bad callback: <bound method sr_determine_colors.callback of <__main__.sr_determine_colors instance at 0x7f353e4d8cb0>>
Traceback (most recent call last):
  File "/opt/ros/kinetic/lib/python2.7/dist-packages/rospy/topics.py", line 750, in _invoke_callback
    cb(msg)
  File "beacon.py", line 116, in callback
    elif check_awhether_lit(green, x, y):
NameError: global name 'check_awhether_lit' is not defined

1582772133.942558050 ERROR [topics.py:753(_invoke_callback) [topics: /rosout, /detection_info, /usb_cam/image_rect_color] bad callback: <bound method sr_determine_colors.callback of <__main__.sr_determine_colors instance at 0x7f353e4d8cb0>>
Traceback (most recent call last):
  File "/opt/ros/kinetic/lib/python2.7/dist-packages/rospy/topics.py", line 750, in _invoke_callback
    cb(msg)
  File "beacon.py", line 116, in callback
    elif check_awhether_lit(green, x, y):
NameError: global name 'check_awhether_lit' is not defined

1582772134.113394975 ERROR [topics.py:753(_invoke_callback) [topics: /rosout, /detection_info, /usb_cam/image_rect_color] bad callback: <bound method sr_determine_colors.callback of <__main__.sr_determine_colors instance at 0x7f353e4d8cb0>>
Traceback (most recent call last):
  File "/opt/ros/kinetic/lib/python2.7/dist-packages/rospy/topics.py", line 750, in _invoke_callback
    cb(msg)
  File "beacon.py", line 116, in callback
    elif check_awhether_lit(green, x, y):
NameError: global name 'check_awhether_lit' is not defined

1582772134.320158958 ERROR [topics.py:753(_invoke_callback) [topics: /rosout, /detection_info, /usb_cam/image_rect_color] bad callback: <bound method sr_determine_colors.callback of <__main__.sr_determine_colors instance at 0x7f353e4d8cb0>>
Traceback (most recent call last):
  File "/opt/ros/kinetic/lib/python2.7/dist-packages/rospy/topics.py", line 750, in _invoke_callback
    cb(msg)
  File "beacon.py", line 116, in callback
    elif check_awhether_lit(green, x, y):
NameError: global name 'check_awhether_lit' is not defined

1582772134.488564968 ERROR [topics.py:753(_invoke_callback) [topics: /rosout, /detection_info, /usb_cam/image_rect_color] bad callback: <bound method sr_determine_colors.callback of <__main__.sr_determine_colors instance at 0x7f353e4d8cb0>>
Traceback (most recent call last):
  File "/opt/ros/kinetic/lib/python2.7/dist-packages/rospy/topics.py", line 750, in _invoke_callback
    cb(msg)
  File "beacon.py", line 116, in callback
    elif check_awhether_lit(green, x, y):
NameError: global name 'check_awhether_lit' is not defined

1582772134.691653966 ERROR [topics.py:753(_invoke_callback) [topics: /rosout, /detection_info, /usb_cam/image_rect_color] bad callback: <bound method sr_determine_colors.callback of <__main__.sr_determine_colors instance at 0x7f353e4d8cb0>>
Traceback (most recent call last):
  File "/opt/ros/kinetic/lib/python2.7/dist-packages/rospy/topics.py", line 750, in _invoke_callback
    cb(msg)
  File "beacon.py", line 116, in callback
    elif check_awhether_lit(green, x, y):
NameError: global name 'check_awhether_lit' is not defined

1582772134.876040935 ERROR [topics.py:753(_invoke_callback) [topics: /rosout, /detection_info, /usb_cam/image_rect_color] bad callback: <bound method sr_determine_colors.callback of <__main__.sr_determine_colors instance at 0x7f353e4d8cb0>>
Traceback (most recent call last):
  File "/opt/ros/kinetic/lib/python2.7/dist-packages/rospy/topics.py", line 750, in _invoke_callback
    cb(msg)
  File "beacon.py", line 116, in callback
    elif check_awhether_lit(green, x, y):
NameError: global name 'check_awhether_lit' is not defined

1582772135.051101922 ERROR [topics.py:753(_invoke_callback) [topics: /rosout, /detection_info, /usb_cam/image_rect_color] bad callback: <bound method sr_determine_colors.callback of <__main__.sr_determine_colors instance at 0x7f353e4d8cb0>>
Traceback (most recent call last):
  File "/opt/ros/kinetic/lib/python2.7/dist-packages/rospy/topics.py", line 750, in _invoke_callback
    cb(msg)
  File "beacon.py", line 116, in callback
    elif check_awhether_lit(green, x, y):
NameError: global name 'check_awhether_lit' is not defined

1582772135.264075994 ERROR [topics.py:753(_invoke_callback) [topics: /rosout, /detection_info, /usb_cam/image_rect_color] bad callback: <bound method sr_determine_colors.callback of <__main__.sr_determine_colors instance at 0x7f353e4d8cb0>>
Traceback (most recent call last):
  File "/opt/ros/kinetic/lib/python2.7/dist-packages/rospy/topics.py", line 750, in _invoke_callback
    cb(msg)
  File "beacon.py", line 116, in callback
    elif check_awhether_lit(green, x, y):
NameError: global name 'check_awhether_lit' is not defined

1582772135.451437950 ERROR [topics.py:753(_invoke_callback) [topics: /rosout, /detection_info, /usb_cam/image_rect_color] bad callback: <bound method sr_determine_colors.callback of <__main__.sr_determine_colors instance at 0x7f353e4d8cb0>>
Traceback (most recent call last):
  File "/opt/ros/kinetic/lib/python2.7/dist-packages/rospy/topics.py", line 750, in _invoke_callback
    cb(msg)
  File "beacon.py", line 116, in callback
    elif check_awhether_lit(green, x, y):
NameError: global name 'check_awhether_lit' is not defined

1582772135.638647079 ERROR [topics.py:753(_invoke_callback) [topics: /rosout, /detection_info, /usb_cam/image_rect_color] bad callback: <bound method sr_determine_colors.callback of <__main__.sr_determine_colors instance at 0x7f353e4d8cb0>>
Traceback (most recent call last):
  File "/opt/ros/kinetic/lib/python2.7/dist-packages/rospy/topics.py", line 750, in _invoke_callback
    cb(msg)
  File "beacon.py", line 116, in callback
    elif check_awhether_lit(green, x, y):
NameError: global name 'check_awhether_lit' is not defined

1582772135.830791950 ERROR [topics.py:753(_invoke_callback) [topics: /rosout, /detection_info, /usb_cam/image_rect_color] bad callback: <bound method sr_determine_colors.callback of <__main__.sr_determine_colors instance at 0x7f353e4d8cb0>>
Traceback (most recent call last):
  File "/opt/ros/kinetic/lib/python2.7/dist-packages/rospy/topics.py", line 750, in _invoke_callback
    cb(msg)
  File "beacon.py", line 116, in callback
    elif check_awhether_lit(green, x, y):
NameError: global name 'check_awhether_lit' is not defined

1582772136.021490097 ERROR [topics.py:753(_invoke_callback) [topics: /rosout, /detection_info, /usb_cam/image_rect_color] bad callback: <bound method sr_determine_colors.callback of <__main__.sr_determine_colors instance at 0x7f353e4d8cb0>>
Traceback (most recent call last):
  File "/opt/ros/kinetic/lib/python2.7/dist-packages/rospy/topics.py", line 750, in _invoke_callback
    cb(msg)
  File "beacon.py", line 116, in callback
    elif check_awhether_lit(green, x, y):
NameError: global name 'check_awhether_lit' is not defined

1582772136.209595918 ERROR [topics.py:753(_invoke_callback) [topics: /rosout, /detection_info, /usb_cam/image_rect_color] bad callback: <bound method sr_determine_colors.callback of <__main__.sr_determine_colors instance at 0x7f353e4d8cb0>>
Traceback (most recent call last):
  File "/opt/ros/kinetic/lib/python2.7/dist-packages/rospy/topics.py", line 750, in _invoke_callback
    cb(msg)
  File "beacon.py", line 116, in callback
    elif check_awhether_lit(green, x, y):
NameError: global name 'check_awhether_lit' is not defined

1582772136.423578977 ERROR [topics.py:753(_invoke_callback) [topics: /rosout, /detection_info, /usb_cam/image_rect_color] bad callback: <bound method sr_determine_colors.callback of <__main__.sr_determine_colors instance at 0x7f353e4d8cb0>>
Traceback (most recent call last):
  File "/opt/ros/kinetic/lib/python2.7/dist-packages/rospy/topics.py", line 750, in _invoke_callback
    cb(msg)
  File "beacon.py", line 116, in callback
    elif check_awhether_lit(green, x, y):
NameError: global name 'check_awhether_lit' is not defined

1582772136.601644039 ERROR [topics.py:753(_invoke_callback) [topics: /rosout, /detection_info, /usb_cam/image_rect_color] bad callback: <bound method sr_determine_colors.callback of <__main__.sr_determine_colors instance at 0x7f353e4d8cb0>>
Traceback (most recent call last):
  File "/opt/ros/kinetic/lib/python2.7/dist-packages/rospy/topics.py", line 750, in _invoke_callback
    cb(msg)
  File "beacon.py", line 116, in callback
    elif check_awhether_lit(green, x, y):
NameError: global name 'check_awhether_lit' is not defined

1582772136.790594100 ERROR [topics.py:753(_invoke_callback) [topics: /rosout, /detection_info, /usb_cam/image_rect_color] bad callback: <bound method sr_determine_colors.callback of <__main__.sr_determine_colors instance at 0x7f353e4d8cb0>>
Traceback (most recent call last):
  File "/opt/ros/kinetic/lib/python2.7/dist-packages/rospy/topics.py", line 750, in _invoke_callback
    cb(msg)
  File "beacon.py", line 116, in callback
    elif check_awhether_lit(green, x, y):
NameError: global name 'check_awhether_lit' is not defined

1582772136.973007917 ERROR [topics.py:753(_invoke_callback) [topics: /rosout, /detection_info, /usb_cam/image_rect_color] bad callback: <bound method sr_determine_colors.callback of <__main__.sr_determine_colors instance at 0x7f353e4d8cb0>>
Traceback (most recent call last):
  File "/opt/ros/kinetic/lib/python2.7/dist-packages/rospy/topics.py", line 750, in _invoke_callback
    cb(msg)
  File "beacon.py", line 116, in callback
    elif check_awhether_lit(green, x, y):
NameError: global name 'check_awhether_lit' is not defined

1582772137.164274930 ERROR [topics.py:753(_invoke_callback) [topics: /rosout, /detection_info, /usb_cam/image_rect_color] bad callback: <bound method sr_determine_colors.callback of <__main__.sr_determine_colors instance at 0x7f353e4d8cb0>>
Traceback (most recent call last):
  File "/opt/ros/kinetic/lib/python2.7/dist-packages/rospy/topics.py", line 750, in _invoke_callback
    cb(msg)
  File "beacon.py", line 116, in callback
    elif check_awhether_lit(green, x, y):
NameError: global name 'check_awhether_lit' is not defined

1582772137.342761993 ERROR [topics.py:753(_invoke_callback) [topics: /rosout, /detection_info, /usb_cam/image_rect_color] bad callback: <bound method sr_determine_colors.callback of <__main__.sr_determine_colors instance at 0x7f353e4d8cb0>>
Traceback (most recent call last):
  File "/opt/ros/kinetic/lib/python2.7/dist-packages/rospy/topics.py", line 750, in _invoke_callback
    cb(msg)
  File "beacon.py", line 116, in callback
    elif check_awhether_lit(green, x, y):
NameError: global name 'check_awhether_lit' is not defined

1582772137.535456895 ERROR [topics.py:753(_invoke_callback) [topics: /rosout, /detection_info, /usb_cam/image_rect_color] bad callback: <bound method sr_determine_colors.callback of <__main__.sr_determine_colors instance at 0x7f353e4d8cb0>>
Traceback (most recent call last):
  File "/opt/ros/kinetic/lib/python2.7/dist-packages/rospy/topics.py", line 750, in _invoke_callback
    cb(msg)
  File "beacon.py", line 116, in callback
    elif check_awhether_lit(green, x, y):
NameError: global name 'check_awhether_lit' is not defined

1582772137.715418100 ERROR [topics.py:753(_invoke_callback) [topics: /rosout, /detection_info, /usb_cam/image_rect_color] bad callback: <bound method sr_determine_colors.callback of <__main__.sr_determine_colors instance at 0x7f353e4d8cb0>>
Traceback (most recent call last):
  File "/opt/ros/kinetic/lib/python2.7/dist-packages/rospy/topics.py", line 750, in _invoke_callback
    cb(msg)
  File "beacon.py", line 116, in callback
    elif check_awhether_lit(green, x, y):
NameError: global name 'check_awhether_lit' is not defined

1582772137.903666019 ERROR [topics.py:753(_invoke_callback) [topics: /rosout, /detection_info, /usb_cam/image_rect_color] bad callback: <bound method sr_determine_colors.callback of <__main__.sr_determine_colors instance at 0x7f353e4d8cb0>>
Traceback (most recent call last):
  File "/opt/ros/kinetic/lib/python2.7/dist-packages/rospy/topics.py", line 750, in _invoke_callback
    cb(msg)
  File "beacon.py", line 116, in callback
    elif check_awhether_lit(green, x, y):
NameError: global name 'check_awhether_lit' is not defined

1582772138.074486970 ERROR [topics.py:753(_invoke_callback) [topics: /rosout, /detection_info, /usb_cam/image_rect_color] bad callback: <bound method sr_determine_colors.callback of <__main__.sr_determine_colors instance at 0x7f353e4d8cb0>>
Traceback (most recent call last):
  File "/opt/ros/kinetic/lib/python2.7/dist-packages/rospy/topics.py", line 750, in _invoke_callback
    cb(msg)
  File "beacon.py", line 116, in callback
    elif check_awhether_lit(green, x, y):
NameError: global name 'check_awhether_lit' is not defined

1582772138.249360084 ERROR [topics.py:753(_invoke_callback) [topics: /rosout, /detection_info, /usb_cam/image_rect_color] bad callback: <bound method sr_determine_colors.callback of <__main__.sr_determine_colors instance at 0x7f353e4d8cb0>>
Traceback (most recent call last):
  File "/opt/ros/kinetic/lib/python2.7/dist-packages/rospy/topics.py", line 750, in _invoke_callback
    cb(msg)
  File "beacon.py", line 116, in callback
    elif check_awhether_lit(green, x, y):
NameError: global name 'check_awhether_lit' is not defined

1582772138.424854993 ERROR [topics.py:753(_invoke_callback) [topics: /rosout, /detection_info, /usb_cam/image_rect_color] bad callback: <bound method sr_determine_colors.callback of <__main__.sr_determine_colors instance at 0x7f353e4d8cb0>>
Traceback (most recent call last):
  File "/opt/ros/kinetic/lib/python2.7/dist-packages/rospy/topics.py", line 750, in _invoke_callback
    cb(msg)
  File "beacon.py", line 116, in callback
    elif check_awhether_lit(green, x, y):
NameError: global name 'check_awhether_lit' is not defined

1582772138.609529018 ERROR [topics.py:753(_invoke_callback) [topics: /rosout, /detection_info, /usb_cam/image_rect_color] bad callback: <bound method sr_determine_colors.callback of <__main__.sr_determine_colors instance at 0x7f353e4d8cb0>>
Traceback (most recent call last):
  File "/opt/ros/kinetic/lib/python2.7/dist-packages/rospy/topics.py", line 750, in _invoke_callback
    cb(msg)
  File "beacon.py", line 116, in callback
    elif check_awhether_lit(green, x, y):
NameError: global name 'check_awhether_lit' is not defined

1582772138.791193962 ERROR [topics.py:753(_invoke_callback) [topics: /rosout, /detection_info, /usb_cam/image_rect_color] bad callback: <bound method sr_determine_colors.callback of <__main__.sr_determine_colors instance at 0x7f353e4d8cb0>>
Traceback (most recent call last):
  File "/opt/ros/kinetic/lib/python2.7/dist-packages/rospy/topics.py", line 750, in _invoke_callback
    cb(msg)
  File "beacon.py", line 116, in callback
    elif check_awhether_lit(green, x, y):
NameError: global name 'check_awhether_lit' is not defined

1582772138.969027042 ERROR [topics.py:753(_invoke_callback) [topics: /rosout, /detection_info, /usb_cam/image_rect_color] bad callback: <bound method sr_determine_colors.callback of <__main__.sr_determine_colors instance at 0x7f353e4d8cb0>>
Traceback (most recent call last):
  File "/opt/ros/kinetic/lib/python2.7/dist-packages/rospy/topics.py", line 750, in _invoke_callback
    cb(msg)
  File "beacon.py", line 116, in callback
    elif check_awhether_lit(green, x, y):
NameError: global name 'check_awhether_lit' is not defined

1582772139.148941993 ERROR [topics.py:753(_invoke_callback) [topics: /rosout, /detection_info, /usb_cam/image_rect_color] bad callback: <bound method sr_determine_colors.callback of <__main__.sr_determine_colors instance at 0x7f353e4d8cb0>>
Traceback (most recent call last):
  File "/opt/ros/kinetic/lib/python2.7/dist-packages/rospy/topics.py", line 750, in _invoke_callback
    cb(msg)
  File "beacon.py", line 116, in callback
    elif check_awhether_lit(green, x, y):
NameError: global name 'check_awhether_lit' is not defined

1582772139.323189973 ERROR [topics.py:753(_invoke_callback) [topics: /rosout, /detection_info, /usb_cam/image_rect_color] bad callback: <bound method sr_determine_colors.callback of <__main__.sr_determine_colors instance at 0x7f353e4d8cb0>>
Traceback (most recent call last):
  File "/opt/ros/kinetic/lib/python2.7/dist-packages/rospy/topics.py", line 750, in _invoke_callback
    cb(msg)
  File "beacon.py", line 116, in callback
    elif check_awhether_lit(green, x, y):
NameError: global name 'check_awhether_lit' is not defined

1582772139.497687101 ERROR [topics.py:753(_invoke_callback) [topics: /rosout, /detection_info, /usb_cam/image_rect_color] bad callback: <bound method sr_determine_colors.callback of <__main__.sr_determine_colors instance at 0x7f353e4d8cb0>>
Traceback (most recent call last):
  File "/opt/ros/kinetic/lib/python2.7/dist-packages/rospy/topics.py", line 750, in _invoke_callback
    cb(msg)
  File "beacon.py", line 116, in callback
    elif check_awhether_lit(green, x, y):
NameError: global name 'check_awhether_lit' is not defined

1582772139.668174028 ERROR [topics.py:753(_invoke_callback) [topics: /rosout, /detection_info, /usb_cam/image_rect_color] bad callback: <bound method sr_determine_colors.callback of <__main__.sr_determine_colors instance at 0x7f353e4d8cb0>>
Traceback (most recent call last):
  File "/opt/ros/kinetic/lib/python2.7/dist-packages/rospy/topics.py", line 750, in _invoke_callback
    cb(msg)
  File "beacon.py", line 116, in callback
    elif check_awhether_lit(green, x, y):
NameError: global name 'check_awhether_lit' is not defined

1582772139.855128049 ERROR [topics.py:753(_invoke_callback) [topics: /rosout, /detection_info, /usb_cam/image_rect_color] bad callback: <bound method sr_determine_colors.callback of <__main__.sr_determine_colors instance at 0x7f353e4d8cb0>>
Traceback (most recent call last):
  File "/opt/ros/kinetic/lib/python2.7/dist-packages/rospy/topics.py", line 750, in _invoke_callback
    cb(msg)
  File "beacon.py", line 116, in callback
    elif check_awhether_lit(green, x, y):
NameError: global name 'check_awhether_lit' is not defined

1582772140.022459983 ERROR [topics.py:753(_invoke_callback) [topics: /rosout, /detection_info, /usb_cam/image_rect_color] bad callback: <bound method sr_determine_colors.callback of <__main__.sr_determine_colors instance at 0x7f353e4d8cb0>>
Traceback (most recent call last):
  File "/opt/ros/kinetic/lib/python2.7/dist-packages/rospy/topics.py", line 750, in _invoke_callback
    cb(msg)
  File "beacon.py", line 116, in callback
    elif check_awhether_lit(green, x, y):
NameError: global name 'check_awhether_lit' is not defined

1582772140.211007118 ERROR [topics.py:753(_invoke_callback) [topics: /rosout, /detection_info, /usb_cam/image_rect_color] bad callback: <bound method sr_determine_colors.callback of <__main__.sr_determine_colors instance at 0x7f353e4d8cb0>>
Traceback (most recent call last):
  File "/opt/ros/kinetic/lib/python2.7/dist-packages/rospy/topics.py", line 750, in _invoke_callback
    cb(msg)
  File "beacon.py", line 116, in callback
    elif check_awhether_lit(green, x, y):
NameError: global name 'check_awhether_lit' is not defined

1582772140.398664951 ERROR [topics.py:753(_invoke_callback) [topics: /rosout, /detection_info, /usb_cam/image_rect_color] bad callback: <bound method sr_determine_colors.callback of <__main__.sr_determine_colors instance at 0x7f353e4d8cb0>>
Traceback (most recent call last):
  File "/opt/ros/kinetic/lib/python2.7/dist-packages/rospy/topics.py", line 750, in _invoke_callback
    cb(msg)
  File "beacon.py", line 116, in callback
    elif check_awhether_lit(green, x, y):
NameError: global name 'check_awhether_lit' is not defined

1582772140.573200941 ERROR [topics.py:753(_invoke_callback) [topics: /rosout, /detection_info, /usb_cam/image_rect_color] bad callback: <bound method sr_determine_colors.callback of <__main__.sr_determine_colors instance at 0x7f353e4d8cb0>>
Traceback (most recent call last):
  File "/opt/ros/kinetic/lib/python2.7/dist-packages/rospy/topics.py", line 750, in _invoke_callback
    cb(msg)
  File "beacon.py", line 116, in callback
    elif check_awhether_lit(green, x, y):
NameError: global name 'check_awhether_lit' is not defined

1582772140.746304988 ERROR [topics.py:753(_invoke_callback) [topics: /rosout, /detection_info, /usb_cam/image_rect_color] bad callback: <bound method sr_determine_colors.callback of <__main__.sr_determine_colors instance at 0x7f353e4d8cb0>>
Traceback (most recent call last):
  File "/opt/ros/kinetic/lib/python2.7/dist-packages/rospy/topics.py", line 750, in _invoke_callback
    cb(msg)
  File "beacon.py", line 116, in callback
    elif check_awhether_lit(green, x, y):
NameError: global name 'check_awhether_lit' is not defined

1582772140.920909881 ERROR [topics.py:753(_invoke_callback) [topics: /rosout, /detection_info, /usb_cam/image_rect_color] bad callback: <bound method sr_determine_colors.callback of <__main__.sr_determine_colors instance at 0x7f353e4d8cb0>>
Traceback (most recent call last):
  File "/opt/ros/kinetic/lib/python2.7/dist-packages/rospy/topics.py", line 750, in _invoke_callback
    cb(msg)
  File "beacon.py", line 116, in callback
    elif check_awhether_lit(green, x, y):
NameError: global name 'check_awhether_lit' is not defined

1582772141.123162031 ERROR [topics.py:753(_invoke_callback) [topics: /rosout, /detection_info, /usb_cam/image_rect_color] bad callback: <bound method sr_determine_colors.callback of <__main__.sr_determine_colors instance at 0x7f353e4d8cb0>>
Traceback (most recent call last):
  File "/opt/ros/kinetic/lib/python2.7/dist-packages/rospy/topics.py", line 750, in _invoke_callback
    cb(msg)
  File "beacon.py", line 116, in callback
    elif check_awhether_lit(green, x, y):
NameError: global name 'check_awhether_lit' is not defined

1582772141.320879936 ERROR [topics.py:753(_invoke_callback) [topics: /rosout, /detection_info, /usb_cam/image_rect_color] bad callback: <bound method sr_determine_colors.callback of <__main__.sr_determine_colors instance at 0x7f353e4d8cb0>>
Traceback (most recent call last):
  File "/opt/ros/kinetic/lib/python2.7/dist-packages/rospy/topics.py", line 750, in _invoke_callback
    cb(msg)
  File "beacon.py", line 116, in callback
    elif check_awhether_lit(green, x, y):
NameError: global name 'check_awhether_lit' is not defined

1582772141.507441997 ERROR [topics.py:753(_invoke_callback) [topics: /rosout, /detection_info, /usb_cam/image_rect_color] bad callback: <bound method sr_determine_colors.callback of <__main__.sr_determine_colors instance at 0x7f353e4d8cb0>>
Traceback (most recent call last):
  File "/opt/ros/kinetic/lib/python2.7/dist-packages/rospy/topics.py", line 750, in _invoke_callback
    cb(msg)
  File "beacon.py", line 116, in callback
    elif check_awhether_lit(green, x, y):
NameError: global name 'check_awhether_lit' is not defined

1582772141.704704046 ERROR [topics.py:753(_invoke_callback) [topics: /rosout, /detection_info, /usb_cam/image_rect_color] bad callback: <bound method sr_determine_colors.callback of <__main__.sr_determine_colors instance at 0x7f353e4d8cb0>>
Traceback (most recent call last):
  File "/opt/ros/kinetic/lib/python2.7/dist-packages/rospy/topics.py", line 750, in _invoke_callback
    cb(msg)
  File "beacon.py", line 116, in callback
    elif check_awhether_lit(green, x, y):
NameError: global name 'check_awhether_lit' is not defined

1582772141.921632051 ERROR [topics.py:753(_invoke_callback) [topics: /rosout, /detection_info, /usb_cam/image_rect_color] bad callback: <bound method sr_determine_colors.callback of <__main__.sr_determine_colors instance at 0x7f353e4d8cb0>>
Traceback (most recent call last):
  File "/opt/ros/kinetic/lib/python2.7/dist-packages/rospy/topics.py", line 750, in _invoke_callback
    cb(msg)
  File "beacon.py", line 116, in callback
    elif check_awhether_lit(green, x, y):
NameError: global name 'check_awhether_lit' is not defined

1582772142.105958938 ERROR [topics.py:753(_invoke_callback) [topics: /rosout, /detection_info, /usb_cam/image_rect_color] bad callback: <bound method sr_determine_colors.callback of <__main__.sr_determine_colors instance at 0x7f353e4d8cb0>>
Traceback (most recent call last):
  File "/opt/ros/kinetic/lib/python2.7/dist-packages/rospy/topics.py", line 750, in _invoke_callback
    cb(msg)
  File "beacon.py", line 116, in callback
    elif check_awhether_lit(green, x, y):
NameError: global name 'check_awhether_lit' is not defined

1582772142.328577041 ERROR [topics.py:753(_invoke_callback) [topics: /rosout, /detection_info, /usb_cam/image_rect_color] bad callback: <bound method sr_determine_colors.callback of <__main__.sr_determine_colors instance at 0x7f353e4d8cb0>>
Traceback (most recent call last):
  File "/opt/ros/kinetic/lib/python2.7/dist-packages/rospy/topics.py", line 750, in _invoke_callback
    cb(msg)
  File "beacon.py", line 116, in callback
    elif check_awhether_lit(green, x, y):
NameError: global name 'check_awhether_lit' is not defined

1582772142.516625881 ERROR [topics.py:753(_invoke_callback) [topics: /rosout, /detection_info, /usb_cam/image_rect_color] bad callback: <bound method sr_determine_colors.callback of <__main__.sr_determine_colors instance at 0x7f353e4d8cb0>>
Traceback (most recent call last):
  File "/opt/ros/kinetic/lib/python2.7/dist-packages/rospy/topics.py", line 750, in _invoke_callback
    cb(msg)
  File "beacon.py", line 116, in callback
    elif check_awhether_lit(green, x, y):
NameError: global name 'check_awhether_lit' is not defined

1582772142.694648981 ERROR [topics.py:753(_invoke_callback) [topics: /rosout, /detection_info, /usb_cam/image_rect_color] bad callback: <bound method sr_determine_colors.callback of <__main__.sr_determine_colors instance at 0x7f353e4d8cb0>>
Traceback (most recent call last):
  File "/opt/ros/kinetic/lib/python2.7/dist-packages/rospy/topics.py", line 750, in _invoke_callback
    cb(msg)
  File "beacon.py", line 116, in callback
    elif check_awhether_lit(green, x, y):
NameError: global name 'check_awhether_lit' is not defined

1582772142.874641895 ERROR [topics.py:753(_invoke_callback) [topics: /rosout, /detection_info, /usb_cam/image_rect_color] bad callback: <bound method sr_determine_colors.callback of <__main__.sr_determine_colors instance at 0x7f353e4d8cb0>>
Traceback (most recent call last):
  File "/opt/ros/kinetic/lib/python2.7/dist-packages/rospy/topics.py", line 750, in _invoke_callback
    cb(msg)
  File "beacon.py", line 116, in callback
    elif check_awhether_lit(green, x, y):
NameError: global name 'check_awhether_lit' is not defined

1582772143.055290937 ERROR [topics.py:753(_invoke_callback) [topics: /rosout, /detection_info, /usb_cam/image_rect_color] bad callback: <bound method sr_determine_colors.callback of <__main__.sr_determine_colors instance at 0x7f353e4d8cb0>>
Traceback (most recent call last):
  File "/opt/ros/kinetic/lib/python2.7/dist-packages/rospy/topics.py", line 750, in _invoke_callback
    cb(msg)
  File "beacon.py", line 116, in callback
    elif check_awhether_lit(green, x, y):
NameError: global name 'check_awhether_lit' is not defined

1582772143.253102064 ERROR [topics.py:753(_invoke_callback) [topics: /rosout, /detection_info, /usb_cam/image_rect_color] bad callback: <bound method sr_determine_colors.callback of <__main__.sr_determine_colors instance at 0x7f353e4d8cb0>>
Traceback (most recent call last):
  File "/opt/ros/kinetic/lib/python2.7/dist-packages/rospy/topics.py", line 750, in _invoke_callback
    cb(msg)
  File "beacon.py", line 116, in callback
    elif check_awhether_lit(green, x, y):
NameError: global name 'check_awhether_lit' is not defined

1582772143.491750955 ERROR [topics.py:753(_invoke_callback) [topics: /rosout, /detection_info, /usb_cam/image_rect_color] bad callback: <bound method sr_determine_colors.callback of <__main__.sr_determine_colors instance at 0x7f353e4d8cb0>>
Traceback (most recent call last):
  File "/opt/ros/kinetic/lib/python2.7/dist-packages/rospy/topics.py", line 750, in _invoke_callback
    cb(msg)
  File "beacon.py", line 116, in callback
    elif check_awhether_lit(green, x, y):
NameError: global name 'check_awhether_lit' is not defined

1582772143.669887065 ERROR [topics.py:753(_invoke_callback) [topics: /rosout, /detection_info, /usb_cam/image_rect_color] bad callback: <bound method sr_determine_colors.callback of <__main__.sr_determine_colors instance at 0x7f353e4d8cb0>>
Traceback (most recent call last):
  File "/opt/ros/kinetic/lib/python2.7/dist-packages/rospy/topics.py", line 750, in _invoke_callback
    cb(msg)
  File "beacon.py", line 116, in callback
    elif check_awhether_lit(green, x, y):
NameError: global name 'check_awhether_lit' is not defined

1582772143.852997064 ERROR [topics.py:753(_invoke_callback) [topics: /rosout, /detection_info, /usb_cam/image_rect_color] bad callback: <bound method sr_determine_colors.callback of <__main__.sr_determine_colors instance at 0x7f353e4d8cb0>>
Traceback (most recent call last):
  File "/opt/ros/kinetic/lib/python2.7/dist-packages/rospy/topics.py", line 750, in _invoke_callback
    cb(msg)
  File "beacon.py", line 116, in callback
    elif check_awhether_lit(green, x, y):
NameError: global name 'check_awhether_lit' is not defined

1582772144.029541969 ERROR [topics.py:753(_invoke_callback) [topics: /rosout, /detection_info, /usb_cam/image_rect_color] bad callback: <bound method sr_determine_colors.callback of <__main__.sr_determine_colors instance at 0x7f353e4d8cb0>>
Traceback (most recent call last):
  File "/opt/ros/kinetic/lib/python2.7/dist-packages/rospy/topics.py", line 750, in _invoke_callback
    cb(msg)
  File "beacon.py", line 116, in callback
    elif check_awhether_lit(green, x, y):
NameError: global name 'check_awhether_lit' is not defined

1582772144.204451084 ERROR [topics.py:753(_invoke_callback) [topics: /rosout, /detection_info, /usb_cam/image_rect_color] bad callback: <bound method sr_determine_colors.callback of <__main__.sr_determine_colors instance at 0x7f353e4d8cb0>>
Traceback (most recent call last):
  File "/opt/ros/kinetic/lib/python2.7/dist-packages/rospy/topics.py", line 750, in _invoke_callback
    cb(msg)
  File "beacon.py", line 116, in callback
    elif check_awhether_lit(green, x, y):
NameError: global name 'check_awhether_lit' is not defined

1582772144.383224964 ERROR [topics.py:753(_invoke_callback) [topics: /rosout, /detection_info, /usb_cam/image_rect_color] bad callback: <bound method sr_determine_colors.callback of <__main__.sr_determine_colors instance at 0x7f353e4d8cb0>>
Traceback (most recent call last):
  File "/opt/ros/kinetic/lib/python2.7/dist-packages/rospy/topics.py", line 750, in _invoke_callback
    cb(msg)
  File "beacon.py", line 116, in callback
    elif check_awhether_lit(green, x, y):
NameError: global name 'check_awhether_lit' is not defined

1582772144.579837083 ERROR [topics.py:753(_invoke_callback) [topics: /rosout, /detection_info, /usb_cam/image_rect_color] bad callback: <bound method sr_determine_colors.callback of <__main__.sr_determine_colors instance at 0x7f353e4d8cb0>>
Traceback (most recent call last):
  File "/opt/ros/kinetic/lib/python2.7/dist-packages/rospy/topics.py", line 750, in _invoke_callback
    cb(msg)
  File "beacon.py", line 116, in callback
    elif check_awhether_lit(green, x, y):
NameError: global name 'check_awhether_lit' is not defined

1582772144.747771978 ERROR [topics.py:753(_invoke_callback) [topics: /rosout, /detection_info, /usb_cam/image_rect_color] bad callback: <bound method sr_determine_colors.callback of <__main__.sr_determine_colors instance at 0x7f353e4d8cb0>>
Traceback (most recent call last):
  File "/opt/ros/kinetic/lib/python2.7/dist-packages/rospy/topics.py", line 750, in _invoke_callback
    cb(msg)
  File "beacon.py", line 116, in callback
    elif check_awhether_lit(green, x, y):
NameError: global name 'check_awhether_lit' is not defined

1582772144.919538974 ERROR [topics.py:753(_invoke_callback) [topics: /rosout, /detection_info, /usb_cam/image_rect_color] bad callback: <bound method sr_determine_colors.callback of <__main__.sr_determine_colors instance at 0x7f353e4d8cb0>>
Traceback (most recent call last):
  File "/opt/ros/kinetic/lib/python2.7/dist-packages/rospy/topics.py", line 750, in _invoke_callback
    cb(msg)
  File "beacon.py", line 116, in callback
    elif check_awhether_lit(green, x, y):
NameError: global name 'check_awhether_lit' is not defined

1582772145.093851089 ERROR [topics.py:753(_invoke_callback) [topics: /rosout, /detection_info, /usb_cam/image_rect_color] bad callback: <bound method sr_determine_colors.callback of <__main__.sr_determine_colors instance at 0x7f353e4d8cb0>>
Traceback (most recent call last):
  File "/opt/ros/kinetic/lib/python2.7/dist-packages/rospy/topics.py", line 750, in _invoke_callback
    cb(msg)
  File "beacon.py", line 116, in callback
    elif check_awhether_lit(green, x, y):
NameError: global name 'check_awhether_lit' is not defined

1582772145.273166894 ERROR [topics.py:753(_invoke_callback) [topics: /rosout, /detection_info, /usb_cam/image_rect_color] bad callback: <bound method sr_determine_colors.callback of <__main__.sr_determine_colors instance at 0x7f353e4d8cb0>>
Traceback (most recent call last):
  File "/opt/ros/kinetic/lib/python2.7/dist-packages/rospy/topics.py", line 750, in _invoke_callback
    cb(msg)
  File "beacon.py", line 116, in callback
    elif check_awhether_lit(green, x, y):
NameError: global name 'check_awhether_lit' is not defined

1582772145.480742931 ERROR [topics.py:753(_invoke_callback) [topics: /rosout, /detection_info, /usb_cam/image_rect_color] bad callback: <bound method sr_determine_colors.callback of <__main__.sr_determine_colors instance at 0x7f353e4d8cb0>>
Traceback (most recent call last):
  File "/opt/ros/kinetic/lib/python2.7/dist-packages/rospy/topics.py", line 750, in _invoke_callback
    cb(msg)
  File "beacon.py", line 116, in callback
    elif check_awhether_lit(green, x, y):
NameError: global name 'check_awhether_lit' is not defined

1582772145.655628919 ERROR [topics.py:753(_invoke_callback) [topics: /rosout, /detection_info, /usb_cam/image_rect_color] bad callback: <bound method sr_determine_colors.callback of <__main__.sr_determine_colors instance at 0x7f353e4d8cb0>>
Traceback (most recent call last):
  File "/opt/ros/kinetic/lib/python2.7/dist-packages/rospy/topics.py", line 750, in _invoke_callback
    cb(msg)
  File "beacon.py", line 116, in callback
    elif check_awhether_lit(green, x, y):
NameError: global name 'check_awhether_lit' is not defined

1582772145.827496051 ERROR [topics.py:753(_invoke_callback) [topics: /rosout, /detection_info, /usb_cam/image_rect_color] bad callback: <bound method sr_determine_colors.callback of <__main__.sr_determine_colors instance at 0x7f353e4d8cb0>>
Traceback (most recent call last):
  File "/opt/ros/kinetic/lib/python2.7/dist-packages/rospy/topics.py", line 750, in _invoke_callback
    cb(msg)
  File "beacon.py", line 116, in callback
    elif check_awhether_lit(green, x, y):
NameError: global name 'check_awhether_lit' is not defined

1582772146.003410100 ERROR [topics.py:753(_invoke_callback) [topics: /rosout, /detection_info, /usb_cam/image_rect_color] bad callback: <bound method sr_determine_colors.callback of <__main__.sr_determine_colors instance at 0x7f353e4d8cb0>>
Traceback (most recent call last):
  File "/opt/ros/kinetic/lib/python2.7/dist-packages/rospy/topics.py", line 750, in _invoke_callback
    cb(msg)
  File "beacon.py", line 116, in callback
    elif check_awhether_lit(green, x, y):
NameError: global name 'check_awhether_lit' is not defined

1582772523.965869833 ERROR [/tmp/binarydeb/ros-kinetic-usb-cam-0.3.5/src/usb_cam.cpp:63(errno_exit) [topics: /rosout, /usb_cam/image_raw/compressedDepth, /usb_cam/image_raw/compressedDepth/parameter_descriptions, /usb_cam/image_raw/compressedDepth/parameter_updates, /usb_cam/image_raw/compressed, /usb_cam/image_raw/compressed/parameter_descriptions, /usb_cam/image_raw/compressed/parameter_updates, /usb_cam/image_raw, /usb_cam/image_raw/theora, /usb_cam/image_raw/theora/parameter_descriptions, /usb_cam/image_raw/theora/parameter_updates, /usb_cam/camera_info] VIDIOC_QBUF error 19, No such device
1582772743.533499228 INFO [/tmp/binarydeb/ros-kinetic-usb-cam-0.3.5/nodes/usb_cam_node.cpp:138(UsbCamNode::UsbCamNode) [topics: /rosout, /usb_cam/image_raw/compressedDepth, /usb_cam/image_raw/compressedDepth/parameter_descriptions, /usb_cam/image_raw/compressedDepth/parameter_updates, /usb_cam/image_raw/compressed, /usb_cam/image_raw/compressed/parameter_descriptions, /usb_cam/image_raw/compressed/parameter_updates, /usb_cam/image_raw, /usb_cam/image_raw/theora, /usb_cam/image_raw/theora/parameter_descriptions, /usb_cam/image_raw/theora/parameter_updates, /usb_cam/camera_info] Starting 'head_camera' (/dev/video0) at 1280x1024 via mmap (mjpeg) at 30 FPS
1582772743.534001152 INFO [/tmp/binarydeb/ros-kinetic-image-view-1.12.23/src/nodes/image_view.cpp:195(main) [topics: /rosout] Using transport "raw"
1582772743.437317971 INFO [/home/itachi/catkin_ws/src/whycon/src/ros/whycon_ros.cpp:152(WhyConROS::load_transforms) [topics: /rosout] Loading file whycon_transforms.yml
1582772744.535299244 WARN [/tmp/binarydeb/ros-kinetic-usb-cam-0.3.5/src/usb_cam.cpp:1211(UsbCam::set_v4l_parameter) [topics: /rosout, /usb_cam/image_raw/compressedDepth, /usb_cam/image_raw/compressedDepth/parameter_descriptions, /usb_cam/image_raw/compressedDepth/parameter_updates, /usb_cam/image_raw/compressed, /usb_cam/image_raw/compressed/parameter_descriptions, /usb_cam/image_raw/compressed/parameter_updates, /usb_cam/image_raw, /usb_cam/image_raw/theora, /usb_cam/image_raw/theora/parameter_descriptions, /usb_cam/image_raw/theora/parameter_updates, /usb_cam/camera_info] unknown control 'focus_auto'

1582774256.883027076 ERROR [topics.py:753(_invoke_callback) [topics: /usb_cam/image_rect, /rosout] bad callback: <bound method sr_determine_rois.callback of <__main__.sr_determine_rois instance at 0x7f63c65c4ab8>>
Traceback (most recent call last):
  File "/opt/ros/kinetic/lib/python2.7/dist-packages/rospy/topics.py", line 750, in _invoke_callback
    cb(msg)
  File "blank_temp.py", line 25, in callback
    lower_red = np.array([124,61,40], dtype=np.uint8)
NameError: global name 'np' is not defined

1582774256.918838977 ERROR [topics.py:753(_invoke_callback) [topics: /usb_cam/image_rect, /rosout] bad callback: <bound method sr_determine_rois.callback of <__main__.sr_determine_rois instance at 0x7f63c65c4ab8>>
Traceback (most recent call last):
  File "/opt/ros/kinetic/lib/python2.7/dist-packages/rospy/topics.py", line 750, in _invoke_callback
    cb(msg)
  File "blank_temp.py", line 25, in callback
    lower_red = np.array([124,61,40], dtype=np.uint8)
NameError: global name 'np' is not defined

1582774256.945596933 ERROR [topics.py:753(_invoke_callback) [topics: /usb_cam/image_rect, /rosout] bad callback: <bound method sr_determine_rois.callback of <__main__.sr_determine_rois instance at 0x7f63c65c4ab8>>
Traceback (most recent call last):
  File "/opt/ros/kinetic/lib/python2.7/dist-packages/rospy/topics.py", line 750, in _invoke_callback
    cb(msg)
  File "blank_temp.py", line 25, in callback
    lower_red = np.array([124,61,40], dtype=np.uint8)
NameError: global name 'np' is not defined

1582774256.991132020 ERROR [topics.py:753(_invoke_callback) [topics: /usb_cam/image_rect, /rosout] bad callback: <bound method sr_determine_rois.callback of <__main__.sr_determine_rois instance at 0x7f63c65c4ab8>>
Traceback (most recent call last):
  File "/opt/ros/kinetic/lib/python2.7/dist-packages/rospy/topics.py", line 750, in _invoke_callback
    cb(msg)
  File "blank_temp.py", line 25, in callback
    lower_red = np.array([124,61,40], dtype=np.uint8)
NameError: global name 'np' is not defined

1582774257.023015975 ERROR [topics.py:753(_invoke_callback) [topics: /usb_cam/image_rect, /rosout] bad callback: <bound method sr_determine_rois.callback of <__main__.sr_determine_rois instance at 0x7f63c65c4ab8>>
Traceback (most recent call last):
  File "/opt/ros/kinetic/lib/python2.7/dist-packages/rospy/topics.py", line 750, in _invoke_callback
    cb(msg)
  File "blank_temp.py", line 25, in callback
    lower_red = np.array([124,61,40], dtype=np.uint8)
NameError: global name 'np' is not defined

1582774257.036489963 ERROR [topics.py:753(_invoke_callback) [topics: /usb_cam/image_rect, /rosout] bad callback: <bound method sr_determine_rois.callback of <__main__.sr_determine_rois instance at 0x7f63c65c4ab8>>
Traceback (most recent call last):
  File "/opt/ros/kinetic/lib/python2.7/dist-packages/rospy/topics.py", line 750, in _invoke_callback
    cb(msg)
  File "blank_temp.py", line 25, in callback
    lower_red = np.array([124,61,40], dtype=np.uint8)
NameError: global name 'np' is not defined

1582774257.071141004 ERROR [topics.py:753(_invoke_callback) [topics: /usb_cam/image_rect, /rosout] bad callback: <bound method sr_determine_rois.callback of <__main__.sr_determine_rois instance at 0x7f63c65c4ab8>>
Traceback (most recent call last):
  File "/opt/ros/kinetic/lib/python2.7/dist-packages/rospy/topics.py", line 750, in _invoke_callback
    cb(msg)
  File "blank_temp.py", line 25, in callback
    lower_red = np.array([124,61,40], dtype=np.uint8)
NameError: global name 'np' is not defined

1582774257.111747980 ERROR [topics.py:753(_invoke_callback) [topics: /usb_cam/image_rect, /rosout] bad callback: <bound method sr_determine_rois.callback of <__main__.sr_determine_rois instance at 0x7f63c65c4ab8>>
Traceback (most recent call last):
  File "/opt/ros/kinetic/lib/python2.7/dist-packages/rospy/topics.py", line 750, in _invoke_callback
    cb(msg)
  File "blank_temp.py", line 25, in callback
    lower_red = np.array([124,61,40], dtype=np.uint8)
NameError: global name 'np' is not defined

1582774257.148427963 ERROR [topics.py:753(_invoke_callback) [topics: /usb_cam/image_rect, /rosout] bad callback: <bound method sr_determine_rois.callback of <__main__.sr_determine_rois instance at 0x7f63c65c4ab8>>
Traceback (most recent call last):
  File "/opt/ros/kinetic/lib/python2.7/dist-packages/rospy/topics.py", line 750, in _invoke_callback
    cb(msg)
  File "blank_temp.py", line 25, in callback
    lower_red = np.array([124,61,40], dtype=np.uint8)
NameError: global name 'np' is not defined

1582774257.175297975 ERROR [topics.py:753(_invoke_callback) [topics: /usb_cam/image_rect, /rosout] bad callback: <bound method sr_determine_rois.callback of <__main__.sr_determine_rois instance at 0x7f63c65c4ab8>>
Traceback (most recent call last):
  File "/opt/ros/kinetic/lib/python2.7/dist-packages/rospy/topics.py", line 750, in _invoke_callback
    cb(msg)
  File "blank_temp.py", line 25, in callback
    lower_red = np.array([124,61,40], dtype=np.uint8)
NameError: global name 'np' is not defined

1582774257.204313993 ERROR [topics.py:753(_invoke_callback) [topics: /usb_cam/image_rect, /rosout] bad callback: <bound method sr_determine_rois.callback of <__main__.sr_determine_rois instance at 0x7f63c65c4ab8>>
Traceback (most recent call last):
  File "/opt/ros/kinetic/lib/python2.7/dist-packages/rospy/topics.py", line 750, in _invoke_callback
    cb(msg)
  File "blank_temp.py", line 25, in callback
    lower_red = np.array([124,61,40], dtype=np.uint8)
NameError: global name 'np' is not defined

1582774257.238154888 ERROR [topics.py:753(_invoke_callback) [topics: /usb_cam/image_rect, /rosout] bad callback: <bound method sr_determine_rois.callback of <__main__.sr_determine_rois instance at 0x7f63c65c4ab8>>
Traceback (most recent call last):
  File "/opt/ros/kinetic/lib/python2.7/dist-packages/rospy/topics.py", line 750, in _invoke_callback
    cb(msg)
  File "blank_temp.py", line 25, in callback
    lower_red = np.array([124,61,40], dtype=np.uint8)
NameError: global name 'np' is not defined

1582774257.277442932 ERROR [topics.py:753(_invoke_callback) [topics: /usb_cam/image_rect, /rosout] bad callback: <bound method sr_determine_rois.callback of <__main__.sr_determine_rois instance at 0x7f63c65c4ab8>>
Traceback (most recent call last):
  File "/opt/ros/kinetic/lib/python2.7/dist-packages/rospy/topics.py", line 750, in _invoke_callback
    cb(msg)
  File "blank_temp.py", line 25, in callback
    lower_red = np.array([124,61,40], dtype=np.uint8)
NameError: global name 'np' is not defined

1582774257.313234090 ERROR [topics.py:753(_invoke_callback) [topics: /usb_cam/image_rect, /rosout] bad callback: <bound method sr_determine_rois.callback of <__main__.sr_determine_rois instance at 0x7f63c65c4ab8>>
Traceback (most recent call last):
  File "/opt/ros/kinetic/lib/python2.7/dist-packages/rospy/topics.py", line 750, in _invoke_callback
    cb(msg)
  File "blank_temp.py", line 25, in callback
    lower_red = np.array([124,61,40], dtype=np.uint8)
NameError: global name 'np' is not defined

1582774257.340259075 ERROR [topics.py:753(_invoke_callback) [topics: /usb_cam/image_rect, /rosout] bad callback: <bound method sr_determine_rois.callback of <__main__.sr_determine_rois instance at 0x7f63c65c4ab8>>
Traceback (most recent call last):
  File "/opt/ros/kinetic/lib/python2.7/dist-packages/rospy/topics.py", line 750, in _invoke_callback
    cb(msg)
  File "blank_temp.py", line 25, in callback
    lower_red = np.array([124,61,40], dtype=np.uint8)
NameError: global name 'np' is not defined

1582774257.372720956 ERROR [topics.py:753(_invoke_callback) [topics: /usb_cam/image_rect, /rosout] bad callback: <bound method sr_determine_rois.callback of <__main__.sr_determine_rois instance at 0x7f63c65c4ab8>>
Traceback (most recent call last):
  File "/opt/ros/kinetic/lib/python2.7/dist-packages/rospy/topics.py", line 750, in _invoke_callback
    cb(msg)
  File "blank_temp.py", line 25, in callback
    lower_red = np.array([124,61,40], dtype=np.uint8)
NameError: global name 'np' is not defined

1582774257.405997991 ERROR [topics.py:753(_invoke_callback) [topics: /usb_cam/image_rect, /rosout] bad callback: <bound method sr_determine_rois.callback of <__main__.sr_determine_rois instance at 0x7f63c65c4ab8>>
Traceback (most recent call last):
  File "/opt/ros/kinetic/lib/python2.7/dist-packages/rospy/topics.py", line 750, in _invoke_callback
    cb(msg)
  File "blank_temp.py", line 25, in callback
    lower_red = np.array([124,61,40], dtype=np.uint8)
NameError: global name 'np' is not defined

1582774257.454150915 ERROR [topics.py:753(_invoke_callback) [topics: /usb_cam/image_rect, /rosout] bad callback: <bound method sr_determine_rois.callback of <__main__.sr_determine_rois instance at 0x7f63c65c4ab8>>
Traceback (most recent call last):
  File "/opt/ros/kinetic/lib/python2.7/dist-packages/rospy/topics.py", line 750, in _invoke_callback
    cb(msg)
  File "blank_temp.py", line 25, in callback
    lower_red = np.array([124,61,40], dtype=np.uint8)
NameError: global name 'np' is not defined

1582774257.474728107 ERROR [topics.py:753(_invoke_callback) [topics: /usb_cam/image_rect, /rosout] bad callback: <bound method sr_determine_rois.callback of <__main__.sr_determine_rois instance at 0x7f63c65c4ab8>>
Traceback (most recent call last):
  File "/opt/ros/kinetic/lib/python2.7/dist-packages/rospy/topics.py", line 750, in _invoke_callback
    cb(msg)
  File "blank_temp.py", line 25, in callback
    lower_red = np.array([124,61,40], dtype=np.uint8)
NameError: global name 'np' is not defined

1582774257.517338037 ERROR [topics.py:753(_invoke_callback) [topics: /usb_cam/image_rect, /rosout] bad callback: <bound method sr_determine_rois.callback of <__main__.sr_determine_rois instance at 0x7f63c65c4ab8>>
Traceback (most recent call last):
  File "/opt/ros/kinetic/lib/python2.7/dist-packages/rospy/topics.py", line 750, in _invoke_callback
    cb(msg)
  File "blank_temp.py", line 25, in callback
    lower_red = np.array([124,61,40], dtype=np.uint8)
NameError: global name 'np' is not defined

1582774257.543359994 ERROR [topics.py:753(_invoke_callback) [topics: /usb_cam/image_rect, /rosout] bad callback: <bound method sr_determine_rois.callback of <__main__.sr_determine_rois instance at 0x7f63c65c4ab8>>
Traceback (most recent call last):
  File "/opt/ros/kinetic/lib/python2.7/dist-packages/rospy/topics.py", line 750, in _invoke_callback
    cb(msg)
  File "blank_temp.py", line 25, in callback
    lower_red = np.array([124,61,40], dtype=np.uint8)
NameError: global name 'np' is not defined

1582774257.578708887 ERROR [topics.py:753(_invoke_callback) [topics: /usb_cam/image_rect, /rosout] bad callback: <bound method sr_determine_rois.callback of <__main__.sr_determine_rois instance at 0x7f63c65c4ab8>>
Traceback (most recent call last):
  File "/opt/ros/kinetic/lib/python2.7/dist-packages/rospy/topics.py", line 750, in _invoke_callback
    cb(msg)
  File "blank_temp.py", line 25, in callback
    lower_red = np.array([124,61,40], dtype=np.uint8)
NameError: global name 'np' is not defined

1582774257.619013071 ERROR [topics.py:753(_invoke_callback) [topics: /usb_cam/image_rect, /rosout] bad callback: <bound method sr_determine_rois.callback of <__main__.sr_determine_rois instance at 0x7f63c65c4ab8>>
Traceback (most recent call last):
  File "/opt/ros/kinetic/lib/python2.7/dist-packages/rospy/topics.py", line 750, in _invoke_callback
    cb(msg)
  File "blank_temp.py", line 25, in callback
    lower_red = np.array([124,61,40], dtype=np.uint8)
NameError: global name 'np' is not defined

1582774257.657954931 ERROR [topics.py:753(_invoke_callback) [topics: /usb_cam/image_rect, /rosout] bad callback: <bound method sr_determine_rois.callback of <__main__.sr_determine_rois instance at 0x7f63c65c4ab8>>
Traceback (most recent call last):
  File "/opt/ros/kinetic/lib/python2.7/dist-packages/rospy/topics.py", line 750, in _invoke_callback
    cb(msg)
  File "blank_temp.py", line 25, in callback
    lower_red = np.array([124,61,40], dtype=np.uint8)
NameError: global name 'np' is not defined

1582774257.684890985 ERROR [topics.py:753(_invoke_callback) [topics: /usb_cam/image_rect, /rosout] bad callback: <bound method sr_determine_rois.callback of <__main__.sr_determine_rois instance at 0x7f63c65c4ab8>>
Traceback (most recent call last):
  File "/opt/ros/kinetic/lib/python2.7/dist-packages/rospy/topics.py", line 750, in _invoke_callback
    cb(msg)
  File "blank_temp.py", line 25, in callback
    lower_red = np.array([124,61,40], dtype=np.uint8)
NameError: global name 'np' is not defined

1582774257.723334074 ERROR [topics.py:753(_invoke_callback) [topics: /usb_cam/image_rect, /rosout] bad callback: <bound method sr_determine_rois.callback of <__main__.sr_determine_rois instance at 0x7f63c65c4ab8>>
Traceback (most recent call last):
  File "/opt/ros/kinetic/lib/python2.7/dist-packages/rospy/topics.py", line 750, in _invoke_callback
    cb(msg)
  File "blank_temp.py", line 25, in callback
    lower_red = np.array([124,61,40], dtype=np.uint8)
NameError: global name 'np' is not defined

1582774257.744132995 ERROR [topics.py:753(_invoke_callback) [topics: /usb_cam/image_rect, /rosout] bad callback: <bound method sr_determine_rois.callback of <__main__.sr_determine_rois instance at 0x7f63c65c4ab8>>
Traceback (most recent call last):
  File "/opt/ros/kinetic/lib/python2.7/dist-packages/rospy/topics.py", line 750, in _invoke_callback
    cb(msg)
  File "blank_temp.py", line 25, in callback
    lower_red = np.array([124,61,40], dtype=np.uint8)
NameError: global name 'np' is not defined

1582774257.794910907 ERROR [topics.py:753(_invoke_callback) [topics: /usb_cam/image_rect, /rosout] bad callback: <bound method sr_determine_rois.callback of <__main__.sr_determine_rois instance at 0x7f63c65c4ab8>>
Traceback (most recent call last):
  File "/opt/ros/kinetic/lib/python2.7/dist-packages/rospy/topics.py", line 750, in _invoke_callback
    cb(msg)
  File "blank_temp.py", line 25, in callback
    lower_red = np.array([124,61,40], dtype=np.uint8)
NameError: global name 'np' is not defined

1582774257.817970037 ERROR [topics.py:753(_invoke_callback) [topics: /usb_cam/image_rect, /rosout] bad callback: <bound method sr_determine_rois.callback of <__main__.sr_determine_rois instance at 0x7f63c65c4ab8>>
Traceback (most recent call last):
  File "/opt/ros/kinetic/lib/python2.7/dist-packages/rospy/topics.py", line 750, in _invoke_callback
    cb(msg)
  File "blank_temp.py", line 25, in callback
    lower_red = np.array([124,61,40], dtype=np.uint8)
NameError: global name 'np' is not defined

1582774257.848795890 ERROR [topics.py:753(_invoke_callback) [topics: /usb_cam/image_rect, /rosout] bad callback: <bound method sr_determine_rois.callback of <__main__.sr_determine_rois instance at 0x7f63c65c4ab8>>
Traceback (most recent call last):
  File "/opt/ros/kinetic/lib/python2.7/dist-packages/rospy/topics.py", line 750, in _invoke_callback
    cb(msg)
  File "blank_temp.py", line 25, in callback
    lower_red = np.array([124,61,40], dtype=np.uint8)
NameError: global name 'np' is not defined

1582774257.889456987 ERROR [topics.py:753(_invoke_callback) [topics: /usb_cam/image_rect, /rosout] bad callback: <bound method sr_determine_rois.callback of <__main__.sr_determine_rois instance at 0x7f63c65c4ab8>>
Traceback (most recent call last):
  File "/opt/ros/kinetic/lib/python2.7/dist-packages/rospy/topics.py", line 750, in _invoke_callback
    cb(msg)
  File "blank_temp.py", line 25, in callback
    lower_red = np.array([124,61,40], dtype=np.uint8)
NameError: global name 'np' is not defined

1582774257.911434888 ERROR [topics.py:753(_invoke_callback) [topics: /usb_cam/image_rect, /rosout] bad callback: <bound method sr_determine_rois.callback of <__main__.sr_determine_rois instance at 0x7f63c65c4ab8>>
Traceback (most recent call last):
  File "/opt/ros/kinetic/lib/python2.7/dist-packages/rospy/topics.py", line 750, in _invoke_callback
    cb(msg)
  File "blank_temp.py", line 25, in callback
    lower_red = np.array([124,61,40], dtype=np.uint8)
NameError: global name 'np' is not defined

1582774257.944613933 ERROR [topics.py:753(_invoke_callback) [topics: /usb_cam/image_rect, /rosout] bad callback: <bound method sr_determine_rois.callback of <__main__.sr_determine_rois instance at 0x7f63c65c4ab8>>
Traceback (most recent call last):
  File "/opt/ros/kinetic/lib/python2.7/dist-packages/rospy/topics.py", line 750, in _invoke_callback
    cb(msg)
  File "blank_temp.py", line 25, in callback
    lower_red = np.array([124,61,40], dtype=np.uint8)
NameError: global name 'np' is not defined

1582774257.989773988 ERROR [topics.py:753(_invoke_callback) [topics: /usb_cam/image_rect, /rosout] bad callback: <bound method sr_determine_rois.callback of <__main__.sr_determine_rois instance at 0x7f63c65c4ab8>>
Traceback (most recent call last):
  File "/opt/ros/kinetic/lib/python2.7/dist-packages/rospy/topics.py", line 750, in _invoke_callback
    cb(msg)
  File "blank_temp.py", line 25, in callback
    lower_red = np.array([124,61,40], dtype=np.uint8)
NameError: global name 'np' is not defined

1582774258.010880947 ERROR [topics.py:753(_invoke_callback) [topics: /usb_cam/image_rect, /rosout] bad callback: <bound method sr_determine_rois.callback of <__main__.sr_determine_rois instance at 0x7f63c65c4ab8>>
Traceback (most recent call last):
  File "/opt/ros/kinetic/lib/python2.7/dist-packages/rospy/topics.py", line 750, in _invoke_callback
    cb(msg)
  File "blank_temp.py", line 25, in callback
    lower_red = np.array([124,61,40], dtype=np.uint8)
NameError: global name 'np' is not defined

1582774258.049923896 ERROR [topics.py:753(_invoke_callback) [topics: /usb_cam/image_rect, /rosout] bad callback: <bound method sr_determine_rois.callback of <__main__.sr_determine_rois instance at 0x7f63c65c4ab8>>
Traceback (most recent call last):
  File "/opt/ros/kinetic/lib/python2.7/dist-packages/rospy/topics.py", line 750, in _invoke_callback
    cb(msg)
  File "blank_temp.py", line 25, in callback
    lower_red = np.array([124,61,40], dtype=np.uint8)
NameError: global name 'np' is not defined

