[rospy.client][INFO] 2020-01-31 21:19:42,187: init_node, name[/sr_determine_colors_19616_1580485782150], pid[19616]
[xmlrpc][INFO] 2020-01-31 21:19:42,188: XML-RPC server binding to 0.0.0.0:0
[xmlrpc][INFO] 2020-01-31 21:19:42,188: Started XML-RPC server [http://itachi-HP-Pavilion-Laptop-15-cc1xx:37075/]
[rospy.init][INFO] 2020-01-31 21:19:42,188: ROS Slave URI: [http://itachi-HP-Pavilion-Laptop-15-cc1xx:37075/]
[rospy.impl.masterslave][INFO] 2020-01-31 21:19:42,188: _ready: http://itachi-HP-Pavilion-Laptop-15-cc1xx:37075/
[rospy.registration][INFO] 2020-01-31 21:19:42,189: Registering with master node http://localhost:11311
[xmlrpc][INFO] 2020-01-31 21:19:42,189: xml rpc node: starting XML-RPC server
[rospy.init][INFO] 2020-01-31 21:19:42,289: registered with master
[rospy.rosout][INFO] 2020-01-31 21:19:42,289: initializing /rosout core topic
[rospy.rosout][INFO] 2020-01-31 21:19:42,292: connected to core topic /rosout
[rospy.simtime][INFO] 2020-01-31 21:19:42,294: /use_sim_time is not set, will not subscribe to simulated time [/clock] topic
[rospy.internal][INFO] 2020-01-31 21:19:42,304: topic[/usb_cam/image_rect_color] adding connection to [http://itachi-HP-Pavilion-Laptop-15-cc1xx:43181/], count 0
[rosout][ERROR] 2020-01-31 21:19:42,339: bad callback: <bound method sr_determine_colors.callback of <__main__.sr_determine_colors instance at 0x7f4ca8a01b00>>
Traceback (most recent call last):
  File "/opt/ros/kinetic/lib/python2.7/dist-packages/rospy/topics.py", line 750, in _invoke_callback
    cb(msg)
  File "/home/itachi/catkin_ws/src/survey_and_rescue/scripts/blank.py", line 49, in callback
    lower_reed = np.array([0,10,10], dtype=np.uint8)
NameError: global name 'np' is not defined

[rosout][ERROR] 2020-01-31 21:19:42,364: bad callback: <bound method sr_determine_colors.callback of <__main__.sr_determine_colors instance at 0x7f4ca8a01b00>>
Traceback (most recent call last):
  File "/opt/ros/kinetic/lib/python2.7/dist-packages/rospy/topics.py", line 750, in _invoke_callback
    cb(msg)
  File "/home/itachi/catkin_ws/src/survey_and_rescue/scripts/blank.py", line 49, in callback
    lower_reed = np.array([0,10,10], dtype=np.uint8)
NameError: global name 'np' is not defined

[rosout][ERROR] 2020-01-31 21:19:42,400: bad callback: <bound method sr_determine_colors.callback of <__main__.sr_determine_colors instance at 0x7f4ca8a01b00>>
Traceback (most recent call last):
  File "/opt/ros/kinetic/lib/python2.7/dist-packages/rospy/topics.py", line 750, in _invoke_callback
    cb(msg)
  File "/home/itachi/catkin_ws/src/survey_and_rescue/scripts/blank.py", line 49, in callback
    lower_reed = np.array([0,10,10], dtype=np.uint8)
NameError: global name 'np' is not defined

[rosout][ERROR] 2020-01-31 21:19:42,432: bad callback: <bound method sr_determine_colors.callback of <__main__.sr_determine_colors instance at 0x7f4ca8a01b00>>
Traceback (most recent call last):
  File "/opt/ros/kinetic/lib/python2.7/dist-packages/rospy/topics.py", line 750, in _invoke_callback
    cb(msg)
  File "/home/itachi/catkin_ws/src/survey_and_rescue/scripts/blank.py", line 49, in callback
    lower_reed = np.array([0,10,10], dtype=np.uint8)
NameError: global name 'np' is not defined

[rosout][ERROR] 2020-01-31 21:19:42,465: bad callback: <bound method sr_determine_colors.callback of <__main__.sr_determine_colors instance at 0x7f4ca8a01b00>>
Traceback (most recent call last):
  File "/opt/ros/kinetic/lib/python2.7/dist-packages/rospy/topics.py", line 750, in _invoke_callback
    cb(msg)
  File "/home/itachi/catkin_ws/src/survey_and_rescue/scripts/blank.py", line 49, in callback
    lower_reed = np.array([0,10,10], dtype=np.uint8)
NameError: global name 'np' is not defined

[rosout][ERROR] 2020-01-31 21:19:42,498: bad callback: <bound method sr_determine_colors.callback of <__main__.sr_determine_colors instance at 0x7f4ca8a01b00>>
Traceback (most recent call last):
  File "/opt/ros/kinetic/lib/python2.7/dist-packages/rospy/topics.py", line 750, in _invoke_callback
    cb(msg)
  File "/home/itachi/catkin_ws/src/survey_and_rescue/scripts/blank.py", line 49, in callback
    lower_reed = np.array([0,10,10], dtype=np.uint8)
NameError: global name 'np' is not defined

[rospy.internal][INFO] 2020-01-31 21:19:42,517: topic[/rosout] adding connection to [/rosout], count 0
[rosout][ERROR] 2020-01-31 21:19:42,531: bad callback: <bound method sr_determine_colors.callback of <__main__.sr_determine_colors instance at 0x7f4ca8a01b00>>
Traceback (most recent call last):
  File "/opt/ros/kinetic/lib/python2.7/dist-packages/rospy/topics.py", line 750, in _invoke_callback
    cb(msg)
  File "/home/itachi/catkin_ws/src/survey_and_rescue/scripts/blank.py", line 49, in callback
    lower_reed = np.array([0,10,10], dtype=np.uint8)
NameError: global name 'np' is not defined

[rosout][ERROR] 2020-01-31 21:19:42,563: bad callback: <bound method sr_determine_colors.callback of <__main__.sr_determine_colors instance at 0x7f4ca8a01b00>>
Traceback (most recent call last):
  File "/opt/ros/kinetic/lib/python2.7/dist-packages/rospy/topics.py", line 750, in _invoke_callback
    cb(msg)
  File "/home/itachi/catkin_ws/src/survey_and_rescue/scripts/blank.py", line 49, in callback
    lower_reed = np.array([0,10,10], dtype=np.uint8)
NameError: global name 'np' is not defined

[rosout][ERROR] 2020-01-31 21:19:42,599: bad callback: <bound method sr_determine_colors.callback of <__main__.sr_determine_colors instance at 0x7f4ca8a01b00>>
Traceback (most recent call last):
  File "/opt/ros/kinetic/lib/python2.7/dist-packages/rospy/topics.py", line 750, in _invoke_callback
    cb(msg)
  File "/home/itachi/catkin_ws/src/survey_and_rescue/scripts/blank.py", line 49, in callback
    lower_reed = np.array([0,10,10], dtype=np.uint8)
NameError: global name 'np' is not defined

[rosout][ERROR] 2020-01-31 21:19:42,632: bad callback: <bound method sr_determine_colors.callback of <__main__.sr_determine_colors instance at 0x7f4ca8a01b00>>
Traceback (most recent call last):
  File "/opt/ros/kinetic/lib/python2.7/dist-packages/rospy/topics.py", line 750, in _invoke_callback
    cb(msg)
  File "/home/itachi/catkin_ws/src/survey_and_rescue/scripts/blank.py", line 49, in callback
    lower_reed = np.array([0,10,10], dtype=np.uint8)
NameError: global name 'np' is not defined

[rosout][ERROR] 2020-01-31 21:19:42,666: bad callback: <bound method sr_determine_colors.callback of <__main__.sr_determine_colors instance at 0x7f4ca8a01b00>>
Traceback (most recent call last):
  File "/opt/ros/kinetic/lib/python2.7/dist-packages/rospy/topics.py", line 750, in _invoke_callback
    cb(msg)
  File "/home/itachi/catkin_ws/src/survey_and_rescue/scripts/blank.py", line 49, in callback
    lower_reed = np.array([0,10,10], dtype=np.uint8)
NameError: global name 'np' is not defined

[rosout][ERROR] 2020-01-31 21:19:42,701: bad callback: <bound method sr_determine_colors.callback of <__main__.sr_determine_colors instance at 0x7f4ca8a01b00>>
Traceback (most recent call last):
  File "/opt/ros/kinetic/lib/python2.7/dist-packages/rospy/topics.py", line 750, in _invoke_callback
    cb(msg)
  File "/home/itachi/catkin_ws/src/survey_and_rescue/scripts/blank.py", line 49, in callback
    lower_reed = np.array([0,10,10], dtype=np.uint8)
NameError: global name 'np' is not defined

[rosout][ERROR] 2020-01-31 21:19:42,735: bad callback: <bound method sr_determine_colors.callback of <__main__.sr_determine_colors instance at 0x7f4ca8a01b00>>
Traceback (most recent call last):
  File "/opt/ros/kinetic/lib/python2.7/dist-packages/rospy/topics.py", line 750, in _invoke_callback
    cb(msg)
  File "/home/itachi/catkin_ws/src/survey_and_rescue/scripts/blank.py", line 49, in callback
    lower_reed = np.array([0,10,10], dtype=np.uint8)
NameError: global name 'np' is not defined

[rosout][ERROR] 2020-01-31 21:19:42,769: bad callback: <bound method sr_determine_colors.callback of <__main__.sr_determine_colors instance at 0x7f4ca8a01b00>>
Traceback (most recent call last):
  File "/opt/ros/kinetic/lib/python2.7/dist-packages/rospy/topics.py", line 750, in _invoke_callback
    cb(msg)
  File "/home/itachi/catkin_ws/src/survey_and_rescue/scripts/blank.py", line 49, in callback
    lower_reed = np.array([0,10,10], dtype=np.uint8)
NameError: global name 'np' is not defined

[rosout][ERROR] 2020-01-31 21:19:42,803: bad callback: <bound method sr_determine_colors.callback of <__main__.sr_determine_colors instance at 0x7f4ca8a01b00>>
Traceback (most recent call last):
  File "/opt/ros/kinetic/lib/python2.7/dist-packages/rospy/topics.py", line 750, in _invoke_callback
    cb(msg)
  File "/home/itachi/catkin_ws/src/survey_and_rescue/scripts/blank.py", line 49, in callback
    lower_reed = np.array([0,10,10], dtype=np.uint8)
NameError: global name 'np' is not defined

[rosout][ERROR] 2020-01-31 21:19:42,835: bad callback: <bound method sr_determine_colors.callback of <__main__.sr_determine_colors instance at 0x7f4ca8a01b00>>
Traceback (most recent call last):
  File "/opt/ros/kinetic/lib/python2.7/dist-packages/rospy/topics.py", line 750, in _invoke_callback
    cb(msg)
  File "/home/itachi/catkin_ws/src/survey_and_rescue/scripts/blank.py", line 49, in callback
    lower_reed = np.array([0,10,10], dtype=np.uint8)
NameError: global name 'np' is not defined

[rosout][ERROR] 2020-01-31 21:19:42,868: bad callback: <bound method sr_determine_colors.callback of <__main__.sr_determine_colors instance at 0x7f4ca8a01b00>>
Traceback (most recent call last):
  File "/opt/ros/kinetic/lib/python2.7/dist-packages/rospy/topics.py", line 750, in _invoke_callback
    cb(msg)
  File "/home/itachi/catkin_ws/src/survey_and_rescue/scripts/blank.py", line 49, in callback
    lower_reed = np.array([0,10,10], dtype=np.uint8)
NameError: global name 'np' is not defined

[rosout][ERROR] 2020-01-31 21:19:42,902: bad callback: <bound method sr_determine_colors.callback of <__main__.sr_determine_colors instance at 0x7f4ca8a01b00>>
Traceback (most recent call last):
  File "/opt/ros/kinetic/lib/python2.7/dist-packages/rospy/topics.py", line 750, in _invoke_callback
    cb(msg)
  File "/home/itachi/catkin_ws/src/survey_and_rescue/scripts/blank.py", line 49, in callback
    lower_reed = np.array([0,10,10], dtype=np.uint8)
NameError: global name 'np' is not defined

[rosout][ERROR] 2020-01-31 21:19:42,932: bad callback: <bound method sr_determine_colors.callback of <__main__.sr_determine_colors instance at 0x7f4ca8a01b00>>
Traceback (most recent call last):
  File "/opt/ros/kinetic/lib/python2.7/dist-packages/rospy/topics.py", line 750, in _invoke_callback
    cb(msg)
  File "/home/itachi/catkin_ws/src/survey_and_rescue/scripts/blank.py", line 49, in callback
    lower_reed = np.array([0,10,10], dtype=np.uint8)
NameError: global name 'np' is not defined

[rosout][ERROR] 2020-01-31 21:19:42,968: bad callback: <bound method sr_determine_colors.callback of <__main__.sr_determine_colors instance at 0x7f4ca8a01b00>>
Traceback (most recent call last):
  File "/opt/ros/kinetic/lib/python2.7/dist-packages/rospy/topics.py", line 750, in _invoke_callback
    cb(msg)
  File "/home/itachi/catkin_ws/src/survey_and_rescue/scripts/blank.py", line 49, in callback
    lower_reed = np.array([0,10,10], dtype=np.uint8)
NameError: global name 'np' is not defined

[rosout][ERROR] 2020-01-31 21:19:43,002: bad callback: <bound method sr_determine_colors.callback of <__main__.sr_determine_colors instance at 0x7f4ca8a01b00>>
Traceback (most recent call last):
  File "/opt/ros/kinetic/lib/python2.7/dist-packages/rospy/topics.py", line 750, in _invoke_callback
    cb(msg)
  File "/home/itachi/catkin_ws/src/survey_and_rescue/scripts/blank.py", line 49, in callback
    lower_reed = np.array([0,10,10], dtype=np.uint8)
NameError: global name 'np' is not defined

[rosout][ERROR] 2020-01-31 21:19:43,037: bad callback: <bound method sr_determine_colors.callback of <__main__.sr_determine_colors instance at 0x7f4ca8a01b00>>
Traceback (most recent call last):
  File "/opt/ros/kinetic/lib/python2.7/dist-packages/rospy/topics.py", line 750, in _invoke_callback
    cb(msg)
  File "/home/itachi/catkin_ws/src/survey_and_rescue/scripts/blank.py", line 49, in callback
    lower_reed = np.array([0,10,10], dtype=np.uint8)
NameError: global name 'np' is not defined

[rosout][ERROR] 2020-01-31 21:19:43,070: bad callback: <bound method sr_determine_colors.callback of <__main__.sr_determine_colors instance at 0x7f4ca8a01b00>>
Traceback (most recent call last):
  File "/opt/ros/kinetic/lib/python2.7/dist-packages/rospy/topics.py", line 750, in _invoke_callback
    cb(msg)
  File "/home/itachi/catkin_ws/src/survey_and_rescue/scripts/blank.py", line 49, in callback
    lower_reed = np.array([0,10,10], dtype=np.uint8)
NameError: global name 'np' is not defined

[rosout][ERROR] 2020-01-31 21:19:43,102: bad callback: <bound method sr_determine_colors.callback of <__main__.sr_determine_colors instance at 0x7f4ca8a01b00>>
Traceback (most recent call last):
  File "/opt/ros/kinetic/lib/python2.7/dist-packages/rospy/topics.py", line 750, in _invoke_callback
    cb(msg)
  File "/home/itachi/catkin_ws/src/survey_and_rescue/scripts/blank.py", line 49, in callback
    lower_reed = np.array([0,10,10], dtype=np.uint8)
NameError: global name 'np' is not defined

[rosout][ERROR] 2020-01-31 21:19:43,138: bad callback: <bound method sr_determine_colors.callback of <__main__.sr_determine_colors instance at 0x7f4ca8a01b00>>
Traceback (most recent call last):
  File "/opt/ros/kinetic/lib/python2.7/dist-packages/rospy/topics.py", line 750, in _invoke_callback
    cb(msg)
  File "/home/itachi/catkin_ws/src/survey_and_rescue/scripts/blank.py", line 49, in callback
    lower_reed = np.array([0,10,10], dtype=np.uint8)
NameError: global name 'np' is not defined

[rosout][ERROR] 2020-01-31 21:19:43,170: bad callback: <bound method sr_determine_colors.callback of <__main__.sr_determine_colors instance at 0x7f4ca8a01b00>>
Traceback (most recent call last):
  File "/opt/ros/kinetic/lib/python2.7/dist-packages/rospy/topics.py", line 750, in _invoke_callback
    cb(msg)
  File "/home/itachi/catkin_ws/src/survey_and_rescue/scripts/blank.py", line 49, in callback
    lower_reed = np.array([0,10,10], dtype=np.uint8)
NameError: global name 'np' is not defined

[rosout][ERROR] 2020-01-31 21:19:43,203: bad callback: <bound method sr_determine_colors.callback of <__main__.sr_determine_colors instance at 0x7f4ca8a01b00>>
Traceback (most recent call last):
  File "/opt/ros/kinetic/lib/python2.7/dist-packages/rospy/topics.py", line 750, in _invoke_callback
    cb(msg)
  File "/home/itachi/catkin_ws/src/survey_and_rescue/scripts/blank.py", line 49, in callback
    lower_reed = np.array([0,10,10], dtype=np.uint8)
NameError: global name 'np' is not defined

[rosout][ERROR] 2020-01-31 21:19:43,240: bad callback: <bound method sr_determine_colors.callback of <__main__.sr_determine_colors instance at 0x7f4ca8a01b00>>
Traceback (most recent call last):
  File "/opt/ros/kinetic/lib/python2.7/dist-packages/rospy/topics.py", line 750, in _invoke_callback
    cb(msg)
  File "/home/itachi/catkin_ws/src/survey_and_rescue/scripts/blank.py", line 49, in callback
    lower_reed = np.array([0,10,10], dtype=np.uint8)
NameError: global name 'np' is not defined

[rosout][ERROR] 2020-01-31 21:19:43,272: bad callback: <bound method sr_determine_colors.callback of <__main__.sr_determine_colors instance at 0x7f4ca8a01b00>>
Traceback (most recent call last):
  File "/opt/ros/kinetic/lib/python2.7/dist-packages/rospy/topics.py", line 750, in _invoke_callback
    cb(msg)
  File "/home/itachi/catkin_ws/src/survey_and_rescue/scripts/blank.py", line 49, in callback
    lower_reed = np.array([0,10,10], dtype=np.uint8)
NameError: global name 'np' is not defined

[rosout][ERROR] 2020-01-31 21:19:43,306: bad callback: <bound method sr_determine_colors.callback of <__main__.sr_determine_colors instance at 0x7f4ca8a01b00>>
Traceback (most recent call last):
  File "/opt/ros/kinetic/lib/python2.7/dist-packages/rospy/topics.py", line 750, in _invoke_callback
    cb(msg)
  File "/home/itachi/catkin_ws/src/survey_and_rescue/scripts/blank.py", line 49, in callback
    lower_reed = np.array([0,10,10], dtype=np.uint8)
NameError: global name 'np' is not defined

[rosout][ERROR] 2020-01-31 21:19:43,338: bad callback: <bound method sr_determine_colors.callback of <__main__.sr_determine_colors instance at 0x7f4ca8a01b00>>
Traceback (most recent call last):
  File "/opt/ros/kinetic/lib/python2.7/dist-packages/rospy/topics.py", line 750, in _invoke_callback
    cb(msg)
  File "/home/itachi/catkin_ws/src/survey_and_rescue/scripts/blank.py", line 49, in callback
    lower_reed = np.array([0,10,10], dtype=np.uint8)
NameError: global name 'np' is not defined

[rosout][ERROR] 2020-01-31 21:19:43,371: bad callback: <bound method sr_determine_colors.callback of <__main__.sr_determine_colors instance at 0x7f4ca8a01b00>>
Traceback (most recent call last):
  File "/opt/ros/kinetic/lib/python2.7/dist-packages/rospy/topics.py", line 750, in _invoke_callback
    cb(msg)
  File "/home/itachi/catkin_ws/src/survey_and_rescue/scripts/blank.py", line 49, in callback
    lower_reed = np.array([0,10,10], dtype=np.uint8)
NameError: global name 'np' is not defined

[rosout][ERROR] 2020-01-31 21:19:43,407: bad callback: <bound method sr_determine_colors.callback of <__main__.sr_determine_colors instance at 0x7f4ca8a01b00>>
Traceback (most recent call last):
  File "/opt/ros/kinetic/lib/python2.7/dist-packages/rospy/topics.py", line 750, in _invoke_callback
    cb(msg)
  File "/home/itachi/catkin_ws/src/survey_and_rescue/scripts/blank.py", line 49, in callback
    lower_reed = np.array([0,10,10], dtype=np.uint8)
NameError: global name 'np' is not defined

[rosout][ERROR] 2020-01-31 21:19:43,439: bad callback: <bound method sr_determine_colors.callback of <__main__.sr_determine_colors instance at 0x7f4ca8a01b00>>
Traceback (most recent call last):
  File "/opt/ros/kinetic/lib/python2.7/dist-packages/rospy/topics.py", line 750, in _invoke_callback
    cb(msg)
  File "/home/itachi/catkin_ws/src/survey_and_rescue/scripts/blank.py", line 49, in callback
    lower_reed = np.array([0,10,10], dtype=np.uint8)
NameError: global name 'np' is not defined

[rosout][ERROR] 2020-01-31 21:19:43,474: bad callback: <bound method sr_determine_colors.callback of <__main__.sr_determine_colors instance at 0x7f4ca8a01b00>>
Traceback (most recent call last):
  File "/opt/ros/kinetic/lib/python2.7/dist-packages/rospy/topics.py", line 750, in _invoke_callback
    cb(msg)
  File "/home/itachi/catkin_ws/src/survey_and_rescue/scripts/blank.py", line 49, in callback
    lower_reed = np.array([0,10,10], dtype=np.uint8)
NameError: global name 'np' is not defined

[rosout][ERROR] 2020-01-31 21:19:43,507: bad callback: <bound method sr_determine_colors.callback of <__main__.sr_determine_colors instance at 0x7f4ca8a01b00>>
Traceback (most recent call last):
  File "/opt/ros/kinetic/lib/python2.7/dist-packages/rospy/topics.py", line 750, in _invoke_callback
    cb(msg)
  File "/home/itachi/catkin_ws/src/survey_and_rescue/scripts/blank.py", line 49, in callback
    lower_reed = np.array([0,10,10], dtype=np.uint8)
NameError: global name 'np' is not defined

[rosout][ERROR] 2020-01-31 21:19:43,539: bad callback: <bound method sr_determine_colors.callback of <__main__.sr_determine_colors instance at 0x7f4ca8a01b00>>
Traceback (most recent call last):
  File "/opt/ros/kinetic/lib/python2.7/dist-packages/rospy/topics.py", line 750, in _invoke_callback
    cb(msg)
  File "/home/itachi/catkin_ws/src/survey_and_rescue/scripts/blank.py", line 49, in callback
    lower_reed = np.array([0,10,10], dtype=np.uint8)
NameError: global name 'np' is not defined

[rosout][ERROR] 2020-01-31 21:19:43,575: bad callback: <bound method sr_determine_colors.callback of <__main__.sr_determine_colors instance at 0x7f4ca8a01b00>>
Traceback (most recent call last):
  File "/opt/ros/kinetic/lib/python2.7/dist-packages/rospy/topics.py", line 750, in _invoke_callback
    cb(msg)
  File "/home/itachi/catkin_ws/src/survey_and_rescue/scripts/blank.py", line 49, in callback
    lower_reed = np.array([0,10,10], dtype=np.uint8)
NameError: global name 'np' is not defined

[rosout][ERROR] 2020-01-31 21:19:43,608: bad callback: <bound method sr_determine_colors.callback of <__main__.sr_determine_colors instance at 0x7f4ca8a01b00>>
Traceback (most recent call last):
  File "/opt/ros/kinetic/lib/python2.7/dist-packages/rospy/topics.py", line 750, in _invoke_callback
    cb(msg)
  File "/home/itachi/catkin_ws/src/survey_and_rescue/scripts/blank.py", line 49, in callback
    lower_reed = np.array([0,10,10], dtype=np.uint8)
NameError: global name 'np' is not defined

[rosout][ERROR] 2020-01-31 21:19:43,638: bad callback: <bound method sr_determine_colors.callback of <__main__.sr_determine_colors instance at 0x7f4ca8a01b00>>
Traceback (most recent call last):
  File "/opt/ros/kinetic/lib/python2.7/dist-packages/rospy/topics.py", line 750, in _invoke_callback
    cb(msg)
  File "/home/itachi/catkin_ws/src/survey_and_rescue/scripts/blank.py", line 49, in callback
    lower_reed = np.array([0,10,10], dtype=np.uint8)
NameError: global name 'np' is not defined

[rosout][ERROR] 2020-01-31 21:19:43,674: bad callback: <bound method sr_determine_colors.callback of <__main__.sr_determine_colors instance at 0x7f4ca8a01b00>>
Traceback (most recent call last):
  File "/opt/ros/kinetic/lib/python2.7/dist-packages/rospy/topics.py", line 750, in _invoke_callback
    cb(msg)
  File "/home/itachi/catkin_ws/src/survey_and_rescue/scripts/blank.py", line 49, in callback
    lower_reed = np.array([0,10,10], dtype=np.uint8)
NameError: global name 'np' is not defined

[rosout][ERROR] 2020-01-31 21:19:43,708: bad callback: <bound method sr_determine_colors.callback of <__main__.sr_determine_colors instance at 0x7f4ca8a01b00>>
Traceback (most recent call last):
  File "/opt/ros/kinetic/lib/python2.7/dist-packages/rospy/topics.py", line 750, in _invoke_callback
    cb(msg)
  File "/home/itachi/catkin_ws/src/survey_and_rescue/scripts/blank.py", line 49, in callback
    lower_reed = np.array([0,10,10], dtype=np.uint8)
NameError: global name 'np' is not defined

[rosout][ERROR] 2020-01-31 21:19:43,742: bad callback: <bound method sr_determine_colors.callback of <__main__.sr_determine_colors instance at 0x7f4ca8a01b00>>
Traceback (most recent call last):
  File "/opt/ros/kinetic/lib/python2.7/dist-packages/rospy/topics.py", line 750, in _invoke_callback
    cb(msg)
  File "/home/itachi/catkin_ws/src/survey_and_rescue/scripts/blank.py", line 49, in callback
    lower_reed = np.array([0,10,10], dtype=np.uint8)
NameError: global name 'np' is not defined

[rosout][ERROR] 2020-01-31 21:19:43,776: bad callback: <bound method sr_determine_colors.callback of <__main__.sr_determine_colors instance at 0x7f4ca8a01b00>>
Traceback (most recent call last):
  File "/opt/ros/kinetic/lib/python2.7/dist-packages/rospy/topics.py", line 750, in _invoke_callback
    cb(msg)
  File "/home/itachi/catkin_ws/src/survey_and_rescue/scripts/blank.py", line 49, in callback
    lower_reed = np.array([0,10,10], dtype=np.uint8)
NameError: global name 'np' is not defined

[rosout][ERROR] 2020-01-31 21:19:43,808: bad callback: <bound method sr_determine_colors.callback of <__main__.sr_determine_colors instance at 0x7f4ca8a01b00>>
Traceback (most recent call last):
  File "/opt/ros/kinetic/lib/python2.7/dist-packages/rospy/topics.py", line 750, in _invoke_callback
    cb(msg)
  File "/home/itachi/catkin_ws/src/survey_and_rescue/scripts/blank.py", line 49, in callback
    lower_reed = np.array([0,10,10], dtype=np.uint8)
NameError: global name 'np' is not defined

[rosout][ERROR] 2020-01-31 21:19:43,841: bad callback: <bound method sr_determine_colors.callback of <__main__.sr_determine_colors instance at 0x7f4ca8a01b00>>
Traceback (most recent call last):
  File "/opt/ros/kinetic/lib/python2.7/dist-packages/rospy/topics.py", line 750, in _invoke_callback
    cb(msg)
  File "/home/itachi/catkin_ws/src/survey_and_rescue/scripts/blank.py", line 49, in callback
    lower_reed = np.array([0,10,10], dtype=np.uint8)
NameError: global name 'np' is not defined

[rosout][ERROR] 2020-01-31 21:19:43,875: bad callback: <bound method sr_determine_colors.callback of <__main__.sr_determine_colors instance at 0x7f4ca8a01b00>>
Traceback (most recent call last):
  File "/opt/ros/kinetic/lib/python2.7/dist-packages/rospy/topics.py", line 750, in _invoke_callback
    cb(msg)
  File "/home/itachi/catkin_ws/src/survey_and_rescue/scripts/blank.py", line 49, in callback
    lower_reed = np.array([0,10,10], dtype=np.uint8)
NameError: global name 'np' is not defined

[rosout][ERROR] 2020-01-31 21:19:43,905: bad callback: <bound method sr_determine_colors.callback of <__main__.sr_determine_colors instance at 0x7f4ca8a01b00>>
Traceback (most recent call last):
  File "/opt/ros/kinetic/lib/python2.7/dist-packages/rospy/topics.py", line 750, in _invoke_callback
    cb(msg)
  File "/home/itachi/catkin_ws/src/survey_and_rescue/scripts/blank.py", line 49, in callback
    lower_reed = np.array([0,10,10], dtype=np.uint8)
NameError: global name 'np' is not defined

[rosout][ERROR] 2020-01-31 21:19:43,940: bad callback: <bound method sr_determine_colors.callback of <__main__.sr_determine_colors instance at 0x7f4ca8a01b00>>
Traceback (most recent call last):
  File "/opt/ros/kinetic/lib/python2.7/dist-packages/rospy/topics.py", line 750, in _invoke_callback
    cb(msg)
  File "/home/itachi/catkin_ws/src/survey_and_rescue/scripts/blank.py", line 49, in callback
    lower_reed = np.array([0,10,10], dtype=np.uint8)
NameError: global name 'np' is not defined

[rosout][ERROR] 2020-01-31 21:19:43,975: bad callback: <bound method sr_determine_colors.callback of <__main__.sr_determine_colors instance at 0x7f4ca8a01b00>>
Traceback (most recent call last):
  File "/opt/ros/kinetic/lib/python2.7/dist-packages/rospy/topics.py", line 750, in _invoke_callback
    cb(msg)
  File "/home/itachi/catkin_ws/src/survey_and_rescue/scripts/blank.py", line 49, in callback
    lower_reed = np.array([0,10,10], dtype=np.uint8)
NameError: global name 'np' is not defined

[rosout][ERROR] 2020-01-31 21:19:44,009: bad callback: <bound method sr_determine_colors.callback of <__main__.sr_determine_colors instance at 0x7f4ca8a01b00>>
Traceback (most recent call last):
  File "/opt/ros/kinetic/lib/python2.7/dist-packages/rospy/topics.py", line 750, in _invoke_callback
    cb(msg)
  File "/home/itachi/catkin_ws/src/survey_and_rescue/scripts/blank.py", line 49, in callback
    lower_reed = np.array([0,10,10], dtype=np.uint8)
NameError: global name 'np' is not defined

[rosout][ERROR] 2020-01-31 21:19:44,043: bad callback: <bound method sr_determine_colors.callback of <__main__.sr_determine_colors instance at 0x7f4ca8a01b00>>
Traceback (most recent call last):
  File "/opt/ros/kinetic/lib/python2.7/dist-packages/rospy/topics.py", line 750, in _invoke_callback
    cb(msg)
  File "/home/itachi/catkin_ws/src/survey_and_rescue/scripts/blank.py", line 49, in callback
    lower_reed = np.array([0,10,10], dtype=np.uint8)
NameError: global name 'np' is not defined

[rosout][ERROR] 2020-01-31 21:19:44,075: bad callback: <bound method sr_determine_colors.callback of <__main__.sr_determine_colors instance at 0x7f4ca8a01b00>>
Traceback (most recent call last):
  File "/opt/ros/kinetic/lib/python2.7/dist-packages/rospy/topics.py", line 750, in _invoke_callback
    cb(msg)
  File "/home/itachi/catkin_ws/src/survey_and_rescue/scripts/blank.py", line 49, in callback
    lower_reed = np.array([0,10,10], dtype=np.uint8)
NameError: global name 'np' is not defined

[rosout][ERROR] 2020-01-31 21:19:44,109: bad callback: <bound method sr_determine_colors.callback of <__main__.sr_determine_colors instance at 0x7f4ca8a01b00>>
Traceback (most recent call last):
  File "/opt/ros/kinetic/lib/python2.7/dist-packages/rospy/topics.py", line 750, in _invoke_callback
    cb(msg)
  File "/home/itachi/catkin_ws/src/survey_and_rescue/scripts/blank.py", line 49, in callback
    lower_reed = np.array([0,10,10], dtype=np.uint8)
NameError: global name 'np' is not defined

[rosout][ERROR] 2020-01-31 21:19:44,143: bad callback: <bound method sr_determine_colors.callback of <__main__.sr_determine_colors instance at 0x7f4ca8a01b00>>
Traceback (most recent call last):
  File "/opt/ros/kinetic/lib/python2.7/dist-packages/rospy/topics.py", line 750, in _invoke_callback
    cb(msg)
  File "/home/itachi/catkin_ws/src/survey_and_rescue/scripts/blank.py", line 49, in callback
    lower_reed = np.array([0,10,10], dtype=np.uint8)
NameError: global name 'np' is not defined

[rosout][ERROR] 2020-01-31 21:19:44,176: bad callback: <bound method sr_determine_colors.callback of <__main__.sr_determine_colors instance at 0x7f4ca8a01b00>>
Traceback (most recent call last):
  File "/opt/ros/kinetic/lib/python2.7/dist-packages/rospy/topics.py", line 750, in _invoke_callback
    cb(msg)
  File "/home/itachi/catkin_ws/src/survey_and_rescue/scripts/blank.py", line 49, in callback
    lower_reed = np.array([0,10,10], dtype=np.uint8)
NameError: global name 'np' is not defined

[rosout][ERROR] 2020-01-31 21:19:44,210: bad callback: <bound method sr_determine_colors.callback of <__main__.sr_determine_colors instance at 0x7f4ca8a01b00>>
Traceback (most recent call last):
  File "/opt/ros/kinetic/lib/python2.7/dist-packages/rospy/topics.py", line 750, in _invoke_callback
    cb(msg)
  File "/home/itachi/catkin_ws/src/survey_and_rescue/scripts/blank.py", line 49, in callback
    lower_reed = np.array([0,10,10], dtype=np.uint8)
NameError: global name 'np' is not defined

[rosout][ERROR] 2020-01-31 21:19:44,241: bad callback: <bound method sr_determine_colors.callback of <__main__.sr_determine_colors instance at 0x7f4ca8a01b00>>
Traceback (most recent call last):
  File "/opt/ros/kinetic/lib/python2.7/dist-packages/rospy/topics.py", line 750, in _invoke_callback
    cb(msg)
  File "/home/itachi/catkin_ws/src/survey_and_rescue/scripts/blank.py", line 49, in callback
    lower_reed = np.array([0,10,10], dtype=np.uint8)
NameError: global name 'np' is not defined

[rosout][ERROR] 2020-01-31 21:19:44,276: bad callback: <bound method sr_determine_colors.callback of <__main__.sr_determine_colors instance at 0x7f4ca8a01b00>>
Traceback (most recent call last):
  File "/opt/ros/kinetic/lib/python2.7/dist-packages/rospy/topics.py", line 750, in _invoke_callback
    cb(msg)
  File "/home/itachi/catkin_ws/src/survey_and_rescue/scripts/blank.py", line 49, in callback
    lower_reed = np.array([0,10,10], dtype=np.uint8)
NameError: global name 'np' is not defined

[rosout][ERROR] 2020-01-31 21:19:44,313: bad callback: <bound method sr_determine_colors.callback of <__main__.sr_determine_colors instance at 0x7f4ca8a01b00>>
Traceback (most recent call last):
  File "/opt/ros/kinetic/lib/python2.7/dist-packages/rospy/topics.py", line 750, in _invoke_callback
    cb(msg)
  File "/home/itachi/catkin_ws/src/survey_and_rescue/scripts/blank.py", line 49, in callback
    lower_reed = np.array([0,10,10], dtype=np.uint8)
NameError: global name 'np' is not defined

[rosout][ERROR] 2020-01-31 21:19:44,345: bad callback: <bound method sr_determine_colors.callback of <__main__.sr_determine_colors instance at 0x7f4ca8a01b00>>
Traceback (most recent call last):
  File "/opt/ros/kinetic/lib/python2.7/dist-packages/rospy/topics.py", line 750, in _invoke_callback
    cb(msg)
  File "/home/itachi/catkin_ws/src/survey_and_rescue/scripts/blank.py", line 49, in callback
    lower_reed = np.array([0,10,10], dtype=np.uint8)
NameError: global name 'np' is not defined

[rosout][ERROR] 2020-01-31 21:19:44,379: bad callback: <bound method sr_determine_colors.callback of <__main__.sr_determine_colors instance at 0x7f4ca8a01b00>>
Traceback (most recent call last):
  File "/opt/ros/kinetic/lib/python2.7/dist-packages/rospy/topics.py", line 750, in _invoke_callback
    cb(msg)
  File "/home/itachi/catkin_ws/src/survey_and_rescue/scripts/blank.py", line 49, in callback
    lower_reed = np.array([0,10,10], dtype=np.uint8)
NameError: global name 'np' is not defined

[rosout][ERROR] 2020-01-31 21:19:44,409: bad callback: <bound method sr_determine_colors.callback of <__main__.sr_determine_colors instance at 0x7f4ca8a01b00>>
Traceback (most recent call last):
  File "/opt/ros/kinetic/lib/python2.7/dist-packages/rospy/topics.py", line 750, in _invoke_callback
    cb(msg)
  File "/home/itachi/catkin_ws/src/survey_and_rescue/scripts/blank.py", line 49, in callback
    lower_reed = np.array([0,10,10], dtype=np.uint8)
NameError: global name 'np' is not defined

[rosout][ERROR] 2020-01-31 21:19:44,443: bad callback: <bound method sr_determine_colors.callback of <__main__.sr_determine_colors instance at 0x7f4ca8a01b00>>
Traceback (most recent call last):
  File "/opt/ros/kinetic/lib/python2.7/dist-packages/rospy/topics.py", line 750, in _invoke_callback
    cb(msg)
  File "/home/itachi/catkin_ws/src/survey_and_rescue/scripts/blank.py", line 49, in callback
    lower_reed = np.array([0,10,10], dtype=np.uint8)
NameError: global name 'np' is not defined

[rosout][ERROR] 2020-01-31 21:19:44,476: bad callback: <bound method sr_determine_colors.callback of <__main__.sr_determine_colors instance at 0x7f4ca8a01b00>>
Traceback (most recent call last):
  File "/opt/ros/kinetic/lib/python2.7/dist-packages/rospy/topics.py", line 750, in _invoke_callback
    cb(msg)
  File "/home/itachi/catkin_ws/src/survey_and_rescue/scripts/blank.py", line 49, in callback
    lower_reed = np.array([0,10,10], dtype=np.uint8)
NameError: global name 'np' is not defined

[rosout][ERROR] 2020-01-31 21:19:44,508: bad callback: <bound method sr_determine_colors.callback of <__main__.sr_determine_colors instance at 0x7f4ca8a01b00>>
Traceback (most recent call last):
  File "/opt/ros/kinetic/lib/python2.7/dist-packages/rospy/topics.py", line 750, in _invoke_callback
    cb(msg)
  File "/home/itachi/catkin_ws/src/survey_and_rescue/scripts/blank.py", line 49, in callback
    lower_reed = np.array([0,10,10], dtype=np.uint8)
NameError: global name 'np' is not defined

[rosout][ERROR] 2020-01-31 21:19:44,543: bad callback: <bound method sr_determine_colors.callback of <__main__.sr_determine_colors instance at 0x7f4ca8a01b00>>
Traceback (most recent call last):
  File "/opt/ros/kinetic/lib/python2.7/dist-packages/rospy/topics.py", line 750, in _invoke_callback
    cb(msg)
  File "/home/itachi/catkin_ws/src/survey_and_rescue/scripts/blank.py", line 49, in callback
    lower_reed = np.array([0,10,10], dtype=np.uint8)
NameError: global name 'np' is not defined

[rosout][ERROR] 2020-01-31 21:19:44,577: bad callback: <bound method sr_determine_colors.callback of <__main__.sr_determine_colors instance at 0x7f4ca8a01b00>>
Traceback (most recent call last):
  File "/opt/ros/kinetic/lib/python2.7/dist-packages/rospy/topics.py", line 750, in _invoke_callback
    cb(msg)
  File "/home/itachi/catkin_ws/src/survey_and_rescue/scripts/blank.py", line 49, in callback
    lower_reed = np.array([0,10,10], dtype=np.uint8)
NameError: global name 'np' is not defined

[rosout][ERROR] 2020-01-31 21:19:44,608: bad callback: <bound method sr_determine_colors.callback of <__main__.sr_determine_colors instance at 0x7f4ca8a01b00>>
Traceback (most recent call last):
  File "/opt/ros/kinetic/lib/python2.7/dist-packages/rospy/topics.py", line 750, in _invoke_callback
    cb(msg)
  File "/home/itachi/catkin_ws/src/survey_and_rescue/scripts/blank.py", line 49, in callback
    lower_reed = np.array([0,10,10], dtype=np.uint8)
NameError: global name 'np' is not defined

[rosout][ERROR] 2020-01-31 21:19:44,643: bad callback: <bound method sr_determine_colors.callback of <__main__.sr_determine_colors instance at 0x7f4ca8a01b00>>
Traceback (most recent call last):
  File "/opt/ros/kinetic/lib/python2.7/dist-packages/rospy/topics.py", line 750, in _invoke_callback
    cb(msg)
  File "/home/itachi/catkin_ws/src/survey_and_rescue/scripts/blank.py", line 49, in callback
    lower_reed = np.array([0,10,10], dtype=np.uint8)
NameError: global name 'np' is not defined

[rosout][ERROR] 2020-01-31 21:19:44,677: bad callback: <bound method sr_determine_colors.callback of <__main__.sr_determine_colors instance at 0x7f4ca8a01b00>>
Traceback (most recent call last):
  File "/opt/ros/kinetic/lib/python2.7/dist-packages/rospy/topics.py", line 750, in _invoke_callback
    cb(msg)
  File "/home/itachi/catkin_ws/src/survey_and_rescue/scripts/blank.py", line 49, in callback
    lower_reed = np.array([0,10,10], dtype=np.uint8)
NameError: global name 'np' is not defined

[rosout][ERROR] 2020-01-31 21:19:44,712: bad callback: <bound method sr_determine_colors.callback of <__main__.sr_determine_colors instance at 0x7f4ca8a01b00>>
Traceback (most recent call last):
  File "/opt/ros/kinetic/lib/python2.7/dist-packages/rospy/topics.py", line 750, in _invoke_callback
    cb(msg)
  File "/home/itachi/catkin_ws/src/survey_and_rescue/scripts/blank.py", line 49, in callback
    lower_reed = np.array([0,10,10], dtype=np.uint8)
NameError: global name 'np' is not defined

[rosout][ERROR] 2020-01-31 21:19:44,747: bad callback: <bound method sr_determine_colors.callback of <__main__.sr_determine_colors instance at 0x7f4ca8a01b00>>
Traceback (most recent call last):
  File "/opt/ros/kinetic/lib/python2.7/dist-packages/rospy/topics.py", line 750, in _invoke_callback
    cb(msg)
  File "/home/itachi/catkin_ws/src/survey_and_rescue/scripts/blank.py", line 49, in callback
    lower_reed = np.array([0,10,10], dtype=np.uint8)
NameError: global name 'np' is not defined

[rosout][ERROR] 2020-01-31 21:19:44,779: bad callback: <bound method sr_determine_colors.callback of <__main__.sr_determine_colors instance at 0x7f4ca8a01b00>>
Traceback (most recent call last):
  File "/opt/ros/kinetic/lib/python2.7/dist-packages/rospy/topics.py", line 750, in _invoke_callback
    cb(msg)
  File "/home/itachi/catkin_ws/src/survey_and_rescue/scripts/blank.py", line 49, in callback
    lower_reed = np.array([0,10,10], dtype=np.uint8)
NameError: global name 'np' is not defined

[rosout][ERROR] 2020-01-31 21:19:44,812: bad callback: <bound method sr_determine_colors.callback of <__main__.sr_determine_colors instance at 0x7f4ca8a01b00>>
Traceback (most recent call last):
  File "/opt/ros/kinetic/lib/python2.7/dist-packages/rospy/topics.py", line 750, in _invoke_callback
    cb(msg)
  File "/home/itachi/catkin_ws/src/survey_and_rescue/scripts/blank.py", line 49, in callback
    lower_reed = np.array([0,10,10], dtype=np.uint8)
NameError: global name 'np' is not defined

[rosout][ERROR] 2020-01-31 21:19:44,846: bad callback: <bound method sr_determine_colors.callback of <__main__.sr_determine_colors instance at 0x7f4ca8a01b00>>
Traceback (most recent call last):
  File "/opt/ros/kinetic/lib/python2.7/dist-packages/rospy/topics.py", line 750, in _invoke_callback
    cb(msg)
  File "/home/itachi/catkin_ws/src/survey_and_rescue/scripts/blank.py", line 49, in callback
    lower_reed = np.array([0,10,10], dtype=np.uint8)
NameError: global name 'np' is not defined

[rosout][ERROR] 2020-01-31 21:19:44,879: bad callback: <bound method sr_determine_colors.callback of <__main__.sr_determine_colors instance at 0x7f4ca8a01b00>>
Traceback (most recent call last):
  File "/opt/ros/kinetic/lib/python2.7/dist-packages/rospy/topics.py", line 750, in _invoke_callback
    cb(msg)
  File "/home/itachi/catkin_ws/src/survey_and_rescue/scripts/blank.py", line 49, in callback
    lower_reed = np.array([0,10,10], dtype=np.uint8)
NameError: global name 'np' is not defined

[rosout][ERROR] 2020-01-31 21:19:44,913: bad callback: <bound method sr_determine_colors.callback of <__main__.sr_determine_colors instance at 0x7f4ca8a01b00>>
Traceback (most recent call last):
  File "/opt/ros/kinetic/lib/python2.7/dist-packages/rospy/topics.py", line 750, in _invoke_callback
    cb(msg)
  File "/home/itachi/catkin_ws/src/survey_and_rescue/scripts/blank.py", line 49, in callback
    lower_reed = np.array([0,10,10], dtype=np.uint8)
NameError: global name 'np' is not defined

[rosout][ERROR] 2020-01-31 21:19:44,948: bad callback: <bound method sr_determine_colors.callback of <__main__.sr_determine_colors instance at 0x7f4ca8a01b00>>
Traceback (most recent call last):
  File "/opt/ros/kinetic/lib/python2.7/dist-packages/rospy/topics.py", line 750, in _invoke_callback
    cb(msg)
  File "/home/itachi/catkin_ws/src/survey_and_rescue/scripts/blank.py", line 49, in callback
    lower_reed = np.array([0,10,10], dtype=np.uint8)
NameError: global name 'np' is not defined

[rosout][ERROR] 2020-01-31 21:19:44,985: bad callback: <bound method sr_determine_colors.callback of <__main__.sr_determine_colors instance at 0x7f4ca8a01b00>>
Traceback (most recent call last):
  File "/opt/ros/kinetic/lib/python2.7/dist-packages/rospy/topics.py", line 750, in _invoke_callback
    cb(msg)
  File "/home/itachi/catkin_ws/src/survey_and_rescue/scripts/blank.py", line 49, in callback
    lower_reed = np.array([0,10,10], dtype=np.uint8)
NameError: global name 'np' is not defined

[rosout][ERROR] 2020-01-31 21:19:45,015: bad callback: <bound method sr_determine_colors.callback of <__main__.sr_determine_colors instance at 0x7f4ca8a01b00>>
Traceback (most recent call last):
  File "/opt/ros/kinetic/lib/python2.7/dist-packages/rospy/topics.py", line 750, in _invoke_callback
    cb(msg)
  File "/home/itachi/catkin_ws/src/survey_and_rescue/scripts/blank.py", line 49, in callback
    lower_reed = np.array([0,10,10], dtype=np.uint8)
NameError: global name 'np' is not defined

[rosout][ERROR] 2020-01-31 21:19:45,045: bad callback: <bound method sr_determine_colors.callback of <__main__.sr_determine_colors instance at 0x7f4ca8a01b00>>
Traceback (most recent call last):
  File "/opt/ros/kinetic/lib/python2.7/dist-packages/rospy/topics.py", line 750, in _invoke_callback
    cb(msg)
  File "/home/itachi/catkin_ws/src/survey_and_rescue/scripts/blank.py", line 49, in callback
    lower_reed = np.array([0,10,10], dtype=np.uint8)
NameError: global name 'np' is not defined

[rosout][ERROR] 2020-01-31 21:19:45,078: bad callback: <bound method sr_determine_colors.callback of <__main__.sr_determine_colors instance at 0x7f4ca8a01b00>>
Traceback (most recent call last):
  File "/opt/ros/kinetic/lib/python2.7/dist-packages/rospy/topics.py", line 750, in _invoke_callback
    cb(msg)
  File "/home/itachi/catkin_ws/src/survey_and_rescue/scripts/blank.py", line 49, in callback
    lower_reed = np.array([0,10,10], dtype=np.uint8)
NameError: global name 'np' is not defined

[rosout][ERROR] 2020-01-31 21:19:45,112: bad callback: <bound method sr_determine_colors.callback of <__main__.sr_determine_colors instance at 0x7f4ca8a01b00>>
Traceback (most recent call last):
  File "/opt/ros/kinetic/lib/python2.7/dist-packages/rospy/topics.py", line 750, in _invoke_callback
    cb(msg)
  File "/home/itachi/catkin_ws/src/survey_and_rescue/scripts/blank.py", line 49, in callback
    lower_reed = np.array([0,10,10], dtype=np.uint8)
NameError: global name 'np' is not defined

[rosout][ERROR] 2020-01-31 21:19:45,144: bad callback: <bound method sr_determine_colors.callback of <__main__.sr_determine_colors instance at 0x7f4ca8a01b00>>
Traceback (most recent call last):
  File "/opt/ros/kinetic/lib/python2.7/dist-packages/rospy/topics.py", line 750, in _invoke_callback
    cb(msg)
  File "/home/itachi/catkin_ws/src/survey_and_rescue/scripts/blank.py", line 49, in callback
    lower_reed = np.array([0,10,10], dtype=np.uint8)
NameError: global name 'np' is not defined

[rosout][ERROR] 2020-01-31 21:19:45,179: bad callback: <bound method sr_determine_colors.callback of <__main__.sr_determine_colors instance at 0x7f4ca8a01b00>>
Traceback (most recent call last):
  File "/opt/ros/kinetic/lib/python2.7/dist-packages/rospy/topics.py", line 750, in _invoke_callback
    cb(msg)
  File "/home/itachi/catkin_ws/src/survey_and_rescue/scripts/blank.py", line 49, in callback
    lower_reed = np.array([0,10,10], dtype=np.uint8)
NameError: global name 'np' is not defined

[rosout][ERROR] 2020-01-31 21:19:45,212: bad callback: <bound method sr_determine_colors.callback of <__main__.sr_determine_colors instance at 0x7f4ca8a01b00>>
Traceback (most recent call last):
  File "/opt/ros/kinetic/lib/python2.7/dist-packages/rospy/topics.py", line 750, in _invoke_callback
    cb(msg)
  File "/home/itachi/catkin_ws/src/survey_and_rescue/scripts/blank.py", line 49, in callback
    lower_reed = np.array([0,10,10], dtype=np.uint8)
NameError: global name 'np' is not defined

[rosout][ERROR] 2020-01-31 21:19:45,246: bad callback: <bound method sr_determine_colors.callback of <__main__.sr_determine_colors instance at 0x7f4ca8a01b00>>
Traceback (most recent call last):
  File "/opt/ros/kinetic/lib/python2.7/dist-packages/rospy/topics.py", line 750, in _invoke_callback
    cb(msg)
  File "/home/itachi/catkin_ws/src/survey_and_rescue/scripts/blank.py", line 49, in callback
    lower_reed = np.array([0,10,10], dtype=np.uint8)
NameError: global name 'np' is not defined

[rosout][ERROR] 2020-01-31 21:19:45,281: bad callback: <bound method sr_determine_colors.callback of <__main__.sr_determine_colors instance at 0x7f4ca8a01b00>>
Traceback (most recent call last):
  File "/opt/ros/kinetic/lib/python2.7/dist-packages/rospy/topics.py", line 750, in _invoke_callback
    cb(msg)
  File "/home/itachi/catkin_ws/src/survey_and_rescue/scripts/blank.py", line 49, in callback
    lower_reed = np.array([0,10,10], dtype=np.uint8)
NameError: global name 'np' is not defined

[rosout][ERROR] 2020-01-31 21:19:45,316: bad callback: <bound method sr_determine_colors.callback of <__main__.sr_determine_colors instance at 0x7f4ca8a01b00>>
Traceback (most recent call last):
  File "/opt/ros/kinetic/lib/python2.7/dist-packages/rospy/topics.py", line 750, in _invoke_callback
    cb(msg)
  File "/home/itachi/catkin_ws/src/survey_and_rescue/scripts/blank.py", line 49, in callback
    lower_reed = np.array([0,10,10], dtype=np.uint8)
NameError: global name 'np' is not defined

[rosout][ERROR] 2020-01-31 21:19:45,350: bad callback: <bound method sr_determine_colors.callback of <__main__.sr_determine_colors instance at 0x7f4ca8a01b00>>
Traceback (most recent call last):
  File "/opt/ros/kinetic/lib/python2.7/dist-packages/rospy/topics.py", line 750, in _invoke_callback
    cb(msg)
  File "/home/itachi/catkin_ws/src/survey_and_rescue/scripts/blank.py", line 49, in callback
    lower_reed = np.array([0,10,10], dtype=np.uint8)
NameError: global name 'np' is not defined

[rosout][ERROR] 2020-01-31 21:19:45,382: bad callback: <bound method sr_determine_colors.callback of <__main__.sr_determine_colors instance at 0x7f4ca8a01b00>>
Traceback (most recent call last):
  File "/opt/ros/kinetic/lib/python2.7/dist-packages/rospy/topics.py", line 750, in _invoke_callback
    cb(msg)
  File "/home/itachi/catkin_ws/src/survey_and_rescue/scripts/blank.py", line 49, in callback
    lower_reed = np.array([0,10,10], dtype=np.uint8)
NameError: global name 'np' is not defined

[rosout][ERROR] 2020-01-31 21:19:45,418: bad callback: <bound method sr_determine_colors.callback of <__main__.sr_determine_colors instance at 0x7f4ca8a01b00>>
Traceback (most recent call last):
  File "/opt/ros/kinetic/lib/python2.7/dist-packages/rospy/topics.py", line 750, in _invoke_callback
    cb(msg)
  File "/home/itachi/catkin_ws/src/survey_and_rescue/scripts/blank.py", line 49, in callback
    lower_reed = np.array([0,10,10], dtype=np.uint8)
NameError: global name 'np' is not defined

[rosout][ERROR] 2020-01-31 21:19:45,450: bad callback: <bound method sr_determine_colors.callback of <__main__.sr_determine_colors instance at 0x7f4ca8a01b00>>
Traceback (most recent call last):
  File "/opt/ros/kinetic/lib/python2.7/dist-packages/rospy/topics.py", line 750, in _invoke_callback
    cb(msg)
  File "/home/itachi/catkin_ws/src/survey_and_rescue/scripts/blank.py", line 49, in callback
    lower_reed = np.array([0,10,10], dtype=np.uint8)
NameError: global name 'np' is not defined

[rosout][ERROR] 2020-01-31 21:19:45,483: bad callback: <bound method sr_determine_colors.callback of <__main__.sr_determine_colors instance at 0x7f4ca8a01b00>>
Traceback (most recent call last):
  File "/opt/ros/kinetic/lib/python2.7/dist-packages/rospy/topics.py", line 750, in _invoke_callback
    cb(msg)
  File "/home/itachi/catkin_ws/src/survey_and_rescue/scripts/blank.py", line 49, in callback
    lower_reed = np.array([0,10,10], dtype=np.uint8)
NameError: global name 'np' is not defined

[rosout][ERROR] 2020-01-31 21:19:45,517: bad callback: <bound method sr_determine_colors.callback of <__main__.sr_determine_colors instance at 0x7f4ca8a01b00>>
Traceback (most recent call last):
  File "/opt/ros/kinetic/lib/python2.7/dist-packages/rospy/topics.py", line 750, in _invoke_callback
    cb(msg)
  File "/home/itachi/catkin_ws/src/survey_and_rescue/scripts/blank.py", line 49, in callback
    lower_reed = np.array([0,10,10], dtype=np.uint8)
NameError: global name 'np' is not defined

[rosout][ERROR] 2020-01-31 21:19:45,549: bad callback: <bound method sr_determine_colors.callback of <__main__.sr_determine_colors instance at 0x7f4ca8a01b00>>
Traceback (most recent call last):
  File "/opt/ros/kinetic/lib/python2.7/dist-packages/rospy/topics.py", line 750, in _invoke_callback
    cb(msg)
  File "/home/itachi/catkin_ws/src/survey_and_rescue/scripts/blank.py", line 49, in callback
    lower_reed = np.array([0,10,10], dtype=np.uint8)
NameError: global name 'np' is not defined

[rosout][ERROR] 2020-01-31 21:19:45,586: bad callback: <bound method sr_determine_colors.callback of <__main__.sr_determine_colors instance at 0x7f4ca8a01b00>>
Traceback (most recent call last):
  File "/opt/ros/kinetic/lib/python2.7/dist-packages/rospy/topics.py", line 750, in _invoke_callback
    cb(msg)
  File "/home/itachi/catkin_ws/src/survey_and_rescue/scripts/blank.py", line 49, in callback
    lower_reed = np.array([0,10,10], dtype=np.uint8)
NameError: global name 'np' is not defined

[rosout][ERROR] 2020-01-31 21:19:45,619: bad callback: <bound method sr_determine_colors.callback of <__main__.sr_determine_colors instance at 0x7f4ca8a01b00>>
Traceback (most recent call last):
  File "/opt/ros/kinetic/lib/python2.7/dist-packages/rospy/topics.py", line 750, in _invoke_callback
    cb(msg)
  File "/home/itachi/catkin_ws/src/survey_and_rescue/scripts/blank.py", line 49, in callback
    lower_reed = np.array([0,10,10], dtype=np.uint8)
NameError: global name 'np' is not defined

[rosout][ERROR] 2020-01-31 21:19:45,653: bad callback: <bound method sr_determine_colors.callback of <__main__.sr_determine_colors instance at 0x7f4ca8a01b00>>
Traceback (most recent call last):
  File "/opt/ros/kinetic/lib/python2.7/dist-packages/rospy/topics.py", line 750, in _invoke_callback
    cb(msg)
  File "/home/itachi/catkin_ws/src/survey_and_rescue/scripts/blank.py", line 49, in callback
    lower_reed = np.array([0,10,10], dtype=np.uint8)
NameError: global name 'np' is not defined

[rosout][ERROR] 2020-01-31 21:19:45,686: bad callback: <bound method sr_determine_colors.callback of <__main__.sr_determine_colors instance at 0x7f4ca8a01b00>>
Traceback (most recent call last):
  File "/opt/ros/kinetic/lib/python2.7/dist-packages/rospy/topics.py", line 750, in _invoke_callback
    cb(msg)
  File "/home/itachi/catkin_ws/src/survey_and_rescue/scripts/blank.py", line 49, in callback
    lower_reed = np.array([0,10,10], dtype=np.uint8)
NameError: global name 'np' is not defined

[rosout][ERROR] 2020-01-31 21:19:45,720: bad callback: <bound method sr_determine_colors.callback of <__main__.sr_determine_colors instance at 0x7f4ca8a01b00>>
Traceback (most recent call last):
  File "/opt/ros/kinetic/lib/python2.7/dist-packages/rospy/topics.py", line 750, in _invoke_callback
    cb(msg)
  File "/home/itachi/catkin_ws/src/survey_and_rescue/scripts/blank.py", line 49, in callback
    lower_reed = np.array([0,10,10], dtype=np.uint8)
NameError: global name 'np' is not defined

[rosout][ERROR] 2020-01-31 21:19:45,749: bad callback: <bound method sr_determine_colors.callback of <__main__.sr_determine_colors instance at 0x7f4ca8a01b00>>
Traceback (most recent call last):
  File "/opt/ros/kinetic/lib/python2.7/dist-packages/rospy/topics.py", line 750, in _invoke_callback
    cb(msg)
  File "/home/itachi/catkin_ws/src/survey_and_rescue/scripts/blank.py", line 49, in callback
    lower_reed = np.array([0,10,10], dtype=np.uint8)
NameError: global name 'np' is not defined

[rosout][ERROR] 2020-01-31 21:19:45,786: bad callback: <bound method sr_determine_colors.callback of <__main__.sr_determine_colors instance at 0x7f4ca8a01b00>>
Traceback (most recent call last):
  File "/opt/ros/kinetic/lib/python2.7/dist-packages/rospy/topics.py", line 750, in _invoke_callback
    cb(msg)
  File "/home/itachi/catkin_ws/src/survey_and_rescue/scripts/blank.py", line 49, in callback
    lower_reed = np.array([0,10,10], dtype=np.uint8)
NameError: global name 'np' is not defined

[rosout][ERROR] 2020-01-31 21:19:45,820: bad callback: <bound method sr_determine_colors.callback of <__main__.sr_determine_colors instance at 0x7f4ca8a01b00>>
Traceback (most recent call last):
  File "/opt/ros/kinetic/lib/python2.7/dist-packages/rospy/topics.py", line 750, in _invoke_callback
    cb(msg)
  File "/home/itachi/catkin_ws/src/survey_and_rescue/scripts/blank.py", line 49, in callback
    lower_reed = np.array([0,10,10], dtype=np.uint8)
NameError: global name 'np' is not defined

[rospy.core][INFO] 2020-01-31 21:19:45,827: signal_shutdown [signal-2]
[rospy.internal][INFO] 2020-01-31 21:19:45,831: topic[/rosout] removing connection to /rosout
[rospy.internal][INFO] 2020-01-31 21:19:45,832: topic[/usb_cam/image_rect_color] removing connection to http://itachi-HP-Pavilion-Laptop-15-cc1xx:43181/
[rospy.topics][ERROR] 2020-01-31 21:19:45,832: Traceback (most recent call last):
  File "/opt/ros/kinetic/lib/python2.7/dist-packages/rospy/topics.py", line 326, in close
    c.close()
  File "/opt/ros/kinetic/lib/python2.7/dist-packages/rospy/impl/tcpros_base.py", line 838, in close
    self.socket.close()
AttributeError: 'NoneType' object has no attribute 'close'

[rospy.impl.masterslave][INFO] 2020-01-31 21:19:45,833: signal-2
[rospy.internal][WARNING] 2020-01-31 21:19:45,835: Unknown error initiating TCP/IP socket to itachi-HP-Pavilion-Laptop-15-cc1xx:42529 (http://itachi-HP-Pavilion-Laptop-15-cc1xx:43181/): Traceback (most recent call last):
  File "/opt/ros/kinetic/lib/python2.7/dist-packages/rospy/impl/tcpros_base.py", line 557, in connect
    self.read_header()
  File "/opt/ros/kinetic/lib/python2.7/dist-packages/rospy/impl/tcpros_base.py", line 650, in read_header
    self._validate_header(read_ros_handshake_header(sock, self.read_buff, self.protocol.buff_size))
AttributeError: 'NoneType' object has no attribute 'buff_size'

[rospy.core][INFO] 2020-01-31 21:19:46,449: signal_shutdown [atexit]
